<?xml version="1.0" encoding="UTF-8"?>
<coverage generated="1783708601310" clover="3.2.0">
  <project timestamp="1783708601310" name="All files">
    <metrics statements="335" coveredstatements="320" conditionals="203" coveredconditionals="167" methods="88" coveredmethods="81" elements="626" coveredelements="568" complexity="0" loc="335" ncloc="335" packages="2" files="8" classes="8"/>
    <package name="pages">
      <metrics statements="335" coveredstatements="320" conditionals="203" coveredconditionals="167" methods="88" coveredmethods="81"/>
      <file name="Anotaciones.jsx" path="/home/pulie/Escritorio/DUOC/colegio-frontend/src/pages/Anotaciones.jsx">
        <metrics statements="81" coveredstatements="76" conditionals="48" coveredconditionals="37" methods="18" coveredmethods="15"/>
        <line num="7" count="253" type="stmt"/>
        <line num="8" count="253" type="stmt"/>
        <line num="9" count="253" type="stmt"/>
        <line num="10" count="253" type="stmt"/>
        <line num="11" count="253" type="stmt"/>
        <line num="12" count="253" type="stmt"/>
        <line num="13" count="253" type="stmt"/>
        <line num="16" count="253" type="stmt"/>
        <line num="17" count="253" type="stmt"/>
        <line num="18" count="253" type="stmt"/>
        <line num="19" count="253" type="stmt"/>
        <line num="22" count="253" type="stmt"/>
        <line num="23" count="25" type="stmt"/>
        <line num="24" count="25" type="stmt"/>
        <line num="25" count="25" type="stmt"/>
        <line num="26" count="25" type="stmt"/>
        <line num="28" count="25" type="cond" truecount="2" falsecount="0"/>
        <line num="30" count="25" type="cond" truecount="2" falsecount="0"/>
        <line num="31" count="1" type="stmt"/>
        <line num="32" count="1" type="stmt"/>
        <line num="35" count="24" type="stmt"/>
        <line num="43" count="22" type="cond" truecount="1" falsecount="1"/>
        <line num="45" count="25" type="stmt"/>
        <line num="47" count="25" type="cond" truecount="2" falsecount="0"/>
        <line num="48" count="22" type="stmt"/>
        <line num="51" count="1" type="stmt"/>
        <line num="52" count="1" type="stmt"/>
        <line num="54" count="24" type="stmt"/>
        <line num="58" count="25" type="stmt"/>
        <line num="62" count="253" type="stmt"/>
        <line num="63" count="50" type="cond" truecount="2" falsecount="0"/>
        <line num="65" count="25" type="stmt"/>
        <line num="66" count="25" type="stmt"/>
        <line num="67" count="25" type="stmt"/>
        <line num="69" count="25" type="stmt"/>
        <line num="70" count="25" type="stmt"/>
        <line num="73" count="25" type="cond" truecount="1" falsecount="1"/>
        <line num="75" count="25" type="stmt"/>
        <line num="84" count="25" type="cond" truecount="1" falsecount="1"/>
        <line num="87" count="25" type="stmt"/>
        <line num="88" count="24" type="cond" truecount="1" falsecount="1"/>
        <line num="89" count="24" type="cond" truecount="1" falsecount="1"/>
        <line num="90" count="24" type="stmt"/>
        <line num="93" count="25" type="stmt"/>
        <line num="95" count="0" type="stmt"/>
        <line num="96" count="0" type="stmt"/>
        <line num="98" count="25" type="stmt"/>
        <line num="102" count="25" type="stmt"/>
        <line num="106" count="253" type="stmt"/>
        <line num="107" count="8" type="stmt"/>
        <line num="109" count="8" type="cond" truecount="2" falsecount="0"/>
        <line num="110" count="1" type="stmt"/>
        <line num="111" count="1" type="stmt"/>
        <line num="113" count="7" type="cond" truecount="2" falsecount="0"/>
        <line num="114" count="1" type="stmt"/>
        <line num="115" count="1" type="stmt"/>
        <line num="118" count="6" type="stmt"/>
        <line num="119" count="6" type="stmt"/>
        <line num="121" count="6" type="cond" truecount="1" falsecount="1"/>
        <line num="123" count="8" type="stmt"/>
        <line num="130" count="8" type="stmt"/>
        <line num="134" count="3" type="stmt"/>
        <line num="136" count="3" type="stmt"/>
        <line num="138" count="2" type="stmt"/>
        <line num="139" count="2" type="stmt"/>
        <line num="144" count="5" type="stmt"/>
        <line num="148" count="253" type="stmt"/>
        <line num="150" count="253" type="cond" truecount="2" falsecount="0"/>
        <line num="151" count="24" type="stmt"/>
        <line num="158" count="229" type="stmt"/>
        <line num="171" count="1" type="stmt"/>
        <line num="188" count="0" type="stmt"/>
        <line num="191" count="0" type="stmt"/>
        <line num="203" count="404" type="stmt"/>
        <line num="206" count="3" type="stmt"/>
        <line num="237" count="8" type="stmt"/>
        <line num="243" count="352" type="stmt"/>
        <line num="271" count="0" type="stmt"/>
        <line num="287" count="1" type="stmt"/>
        <line num="312" count="133" type="stmt"/>
        <line num="349" count="1" type="stmt"/>
      </file>
      <file name="Asistencia.jsx" path="/home/pulie/Escritorio/DUOC/colegio-frontend/src/pages/Asistencia.jsx">
        <metrics statements="67" coveredstatements="63" conditionals="30" coveredconditionals="29" methods="22" coveredmethods="20"/>
        <line num="7" count="148" type="stmt"/>
        <line num="8" count="148" type="stmt"/>
        <line num="9" count="148" type="stmt"/>
        <line num="10" count="148" type="stmt"/>
        <line num="11" count="148" type="stmt"/>
        <line num="12" count="148" type="stmt"/>
        <line num="13" count="148" type="stmt"/>
        <line num="16" count="148" type="stmt"/>
        <line num="17" count="25" type="stmt"/>
        <line num="18" count="25" type="stmt"/>
        <line num="19" count="25" type="stmt"/>
        <line num="20" count="25" type="stmt"/>
        <line num="22" count="25" type="stmt"/>
        <line num="29" count="23" type="cond" truecount="2" falsecount="0"/>
        <line num="30" count="25" type="stmt"/>
        <line num="32" count="25" type="cond" truecount="2" falsecount="0"/>
        <line num="33" count="23" type="stmt"/>
        <line num="36" count="1" type="stmt"/>
        <line num="37" count="1" type="stmt"/>
        <line num="39" count="24" type="stmt"/>
        <line num="43" count="25" type="stmt"/>
        <line num="47" count="148" type="stmt"/>
        <line num="48" count="51" type="cond" truecount="2" falsecount="0"/>
        <line num="50" count="26" type="stmt"/>
        <line num="51" count="26" type="stmt"/>
        <line num="52" count="26" type="stmt"/>
        <line num="53" count="26" type="stmt"/>
        <line num="61" count="26" type="cond" truecount="1" falsecount="1"/>
        <line num="63" count="26" type="stmt"/>
        <line num="64" count="24" type="stmt"/>
        <line num="67" count="26" type="stmt"/>
        <line num="70" count="26" type="stmt"/>
        <line num="71" count="26" type="stmt"/>
        <line num="72" count="48" type="stmt"/>
        <line num="74" count="26" type="stmt"/>
        <line num="76" count="0" type="stmt"/>
        <line num="77" count="0" type="stmt"/>
        <line num="81" count="26" type="stmt"/>
        <line num="85" count="148" type="stmt"/>
        <line num="86" count="6" type="stmt"/>
        <line num="87" count="6" type="stmt"/>
        <line num="88" count="6" type="stmt"/>
        <line num="102" count="148" type="stmt"/>
        <line num="103" count="45" type="stmt"/>
        <line num="113" count="148" type="stmt"/>
        <line num="114" count="4" type="stmt"/>
        <line num="115" count="4" type="stmt"/>
        <line num="117" count="8" type="stmt"/>
        <line num="123" count="4" type="stmt"/>
        <line num="135" count="3" type="stmt"/>
        <line num="137" count="1" type="stmt"/>
        <line num="138" count="1" type="stmt"/>
        <line num="142" count="148" type="stmt"/>
        <line num="144" count="148" type="cond" truecount="2" falsecount="0"/>
        <line num="145" count="25" type="stmt"/>
        <line num="147" count="123" type="stmt"/>
        <line num="160" count="1" type="stmt"/>
        <line num="177" count="0" type="stmt"/>
        <line num="180" count="0" type="stmt"/>
        <line num="192" count="194" type="stmt"/>
        <line num="195" count="3" type="stmt"/>
        <line num="228" count="146" type="cond" truecount="2" falsecount="0"/>
        <line num="230" count="146" type="cond" truecount="2" falsecount="0"/>
        <line num="232" count="146" type="stmt"/>
        <line num="247" count="6" type="stmt"/>
        <line num="263" count="45" type="stmt"/>
        <line num="301" count="1" type="stmt"/>
      </file>
      <file name="Calificaciones.jsx" path="/home/pulie/Escritorio/DUOC/colegio-frontend/src/pages/Calificaciones.jsx">
        <metrics statements="93" coveredstatements="89" conditionals="62" coveredconditionals="49" methods="26" coveredmethods="24"/>
        <line num="7" count="205" type="stmt"/>
        <line num="8" count="205" type="stmt"/>
        <line num="9" count="205" type="stmt"/>
        <line num="10" count="205" type="stmt"/>
        <line num="11" count="205" type="stmt"/>
        <line num="12" count="205" type="stmt"/>
        <line num="13" count="205" type="stmt"/>
        <line num="16" count="205" type="stmt"/>
        <line num="17" count="205" type="stmt"/>
        <line num="18" count="205" type="stmt"/>
        <line num="21" count="205" type="stmt"/>
        <line num="24" count="205" type="stmt"/>
        <line num="25" count="56" type="cond" truecount="2" falsecount="0"/>
        <line num="28" count="205" type="stmt"/>
        <line num="29" count="26" type="stmt"/>
        <line num="30" count="26" type="stmt"/>
        <line num="31" count="26" type="stmt"/>
        <line num="32" count="26" type="stmt"/>
        <line num="33" count="26" type="stmt"/>
        <line num="35" count="26" type="cond" truecount="2" falsecount="0"/>
        <line num="36" count="1" type="stmt"/>
        <line num="37" count="1" type="stmt"/>
        <line num="40" count="25" type="stmt"/>
        <line num="45" count="23" type="cond" truecount="1" falsecount="1"/>
        <line num="48" count="26" type="stmt"/>
        <line num="50" count="26" type="cond" truecount="2" falsecount="0"/>
        <line num="51" count="23" type="stmt"/>
        <line num="54" count="1" type="stmt"/>
        <line num="55" count="1" type="stmt"/>
        <line num="57" count="25" type="stmt"/>
        <line num="61" count="26" type="stmt"/>
        <line num="66" count="205" type="stmt"/>
        <line num="67" count="53" type="cond" truecount="2" falsecount="0"/>
        <line num="69" count="27" type="stmt"/>
        <line num="70" count="27" type="stmt"/>
        <line num="71" count="27" type="stmt"/>
        <line num="72" count="27" type="stmt"/>
        <line num="74" count="27" type="stmt"/>
        <line num="81" count="27" type="cond" truecount="1" falsecount="1"/>
        <line num="84" count="27" type="stmt"/>
        <line num="88" count="27" type="stmt"/>
        <line num="90" count="0" type="stmt"/>
        <line num="91" count="0" type="stmt"/>
        <line num="93" count="27" type="stmt"/>
        <line num="97" count="27" type="stmt"/>
        <line num="101" count="205" type="stmt"/>
        <line num="102" count="2" type="stmt"/>
        <line num="103" count="2" type="stmt"/>
        <line num="104" count="2" type="stmt"/>
        <line num="105" count="2" type="stmt"/>
        <line num="108" count="205" type="stmt"/>
        <line num="109" count="12" type="stmt"/>
        <line num="113" count="205" type="stmt"/>
        <line num="114" count="5" type="cond" truecount="2" falsecount="0"/>
        <line num="115" count="1" type="stmt"/>
        <line num="116" count="1" type="stmt"/>
        <line num="119" count="4" type="stmt"/>
        <line num="120" count="3" type="stmt"/>
        <line num="123" count="4" type="cond" truecount="2" falsecount="0"/>
        <line num="124" count="1" type="stmt"/>
        <line num="125" count="1" type="stmt"/>
        <line num="128" count="3" type="stmt"/>
        <line num="129" count="3" type="stmt"/>
        <line num="131" count="3" type="stmt"/>
        <line num="134" count="3" type="stmt"/>
        <line num="140" count="3" type="stmt"/>
        <line num="146" count="2" type="cond" truecount="1" falsecount="1"/>
        <line num="147" count="2" type="cond" truecount="1" falsecount="1"/>
        <line num="150" count="2" type="stmt"/>
        <line num="151" count="2" type="stmt"/>
        <line num="152" count="2" type="stmt"/>
        <line num="155" count="2" type="stmt"/>
        <line num="158" count="1" type="stmt"/>
        <line num="160" count="1" type="cond" truecount="1" falsecount="1"/>
        <line num="162" count="1" type="stmt"/>
        <line num="167" count="205" type="stmt"/>
        <line num="169" count="205" type="cond" truecount="2" falsecount="0"/>
        <line num="170" count="25" type="stmt"/>
        <line num="177" count="180" type="stmt"/>
        <line num="191" count="1" type="stmt"/>
        <line num="208" count="0" type="stmt"/>
        <line num="211" count="0" type="stmt"/>
        <line num="223" count="304" type="stmt"/>
        <line num="226" count="2" type="stmt"/>
        <line num="249" count="13" type="stmt"/>
        <line num="262" count="78" type="stmt"/>
        <line num="273" count="1" type="stmt"/>
        <line num="274" count="1" type="stmt"/>
        <line num="275" count="1" type="stmt"/>
        <line num="305" count="254" type="stmt"/>
        <line num="326" count="24" type="stmt"/>
        <line num="361" count="12" type="stmt"/>
        <line num="397" count="1" type="stmt"/>
      </file>
      <file name="Cursos.jsx" path="/home/pulie/Escritorio/DUOC/colegio-frontend/src/pages/Cursos.jsx">
        <metrics statements="51" coveredstatements="51" conditionals="36" coveredconditionals="29" methods="12" coveredmethods="12"/>
        <line num="6" count="67" type="stmt"/>
        <line num="7" count="67" type="stmt"/>
        <line num="8" count="67" type="stmt"/>
        <line num="9" count="67" type="stmt"/>
        <line num="10" count="67" type="stmt"/>
        <line num="11" count="67" type="stmt"/>
        <line num="12" count="67" type="stmt"/>
        <line num="14" count="67" type="stmt"/>
        <line num="15" count="35" type="cond" truecount="2" falsecount="0"/>
        <line num="18" count="67" type="stmt"/>
        <line num="19" count="18" type="stmt"/>
        <line num="20" count="18" type="stmt"/>
        <line num="21" count="18" type="stmt"/>
        <line num="22" count="18" type="stmt"/>
        <line num="23" count="18" type="stmt"/>
        <line num="25" count="18" type="cond" truecount="2" falsecount="0"/>
        <line num="26" count="1" type="stmt"/>
        <line num="29" count="1" type="stmt"/>
        <line num="32" count="17" type="stmt"/>
        <line num="40" count="15" type="cond" truecount="2" falsecount="0"/>
        <line num="43" count="18" type="stmt"/>
        <line num="45" count="18" type="cond" truecount="2" falsecount="0"/>
        <line num="46" count="14" type="stmt"/>
        <line num="49" count="1" type="stmt"/>
        <line num="50" count="1" type="stmt"/>
        <line num="52" count="17" type="stmt"/>
        <line num="56" count="18" type="stmt"/>
        <line num="60" count="67" type="stmt"/>
        <line num="61" count="35" type="cond" truecount="2" falsecount="0"/>
        <line num="63" count="17" type="stmt"/>
        <line num="64" count="17" type="stmt"/>
        <line num="65" count="17" type="stmt"/>
        <line num="66" count="17" type="stmt"/>
        <line num="68" count="17" type="stmt"/>
        <line num="74" count="16" type="cond" truecount="1" falsecount="1"/>
        <line num="77" count="17" type="stmt"/>
        <line num="81" count="17" type="stmt"/>
        <line num="83" count="1" type="stmt"/>
        <line num="84" count="1" type="stmt"/>
        <line num="86" count="17" type="stmt"/>
        <line num="90" count="17" type="stmt"/>
        <line num="94" count="67" type="stmt"/>
        <line num="95" count="3" type="stmt"/>
        <line num="96" count="3" type="stmt"/>
        <line num="99" count="67" type="stmt"/>
        <line num="101" count="67" type="cond" truecount="2" falsecount="0"/>
        <line num="102" count="17" type="stmt"/>
        <line num="109" count="50" type="stmt"/>
        <line num="120" count="58" type="stmt"/>
        <line num="123" count="3" type="stmt"/>
        <line num="154" count="16" type="stmt"/>
      </file>
      <file name="Dashboard.jsx" path="/home/pulie/Escritorio/DUOC/colegio-frontend/src/pages/Dashboard.jsx">
        <metrics statements="20" coveredstatements="19" conditionals="16" coveredconditionals="14" methods="6" coveredmethods="6"/>
        <line num="10" count="23" type="stmt"/>
        <line num="11" count="23" type="stmt"/>
        <line num="13" count="23" type="stmt"/>
        <line num="14" count="23" type="stmt"/>
        <line num="16" count="23" type="stmt"/>
        <line num="17" count="14" type="stmt"/>
        <line num="18" count="14" type="stmt"/>
        <line num="19" count="14" type="stmt"/>
        <line num="20" count="14" type="stmt"/>
        <line num="22" count="12" type="stmt"/>
        <line num="28" count="12" type="cond" truecount="2" falsecount="0"/>
        <line num="30" count="1" type="stmt"/>
        <line num="35" count="1" type="cond" truecount="1" falsecount="1"/>
        <line num="36" count="0" type="stmt"/>
        <line num="41" count="13" type="stmt"/>
        <line num="45" count="14" type="stmt"/>
        <line num="48" count="23" type="stmt"/>
        <line num="99" count="3" type="stmt"/>
        <line num="116" count="1" type="stmt"/>
        <line num="133" count="1" type="stmt"/>
      </file>
      <file name="Login.jsx" path="/home/pulie/Escritorio/DUOC/colegio-frontend/src/pages/Login.jsx">
        <metrics statements="23" coveredstatements="22" conditionals="11" coveredconditionals="9" methods="4" coveredmethods="4"/>
        <line num="11" count="239" type="stmt"/>
        <line num="14" count="239" type="stmt"/>
        <line num="15" count="239" type="stmt"/>
        <line num="16" count="239" type="stmt"/>
        <line num="17" count="239" type="stmt"/>
        <line num="18" count="239" type="stmt"/>
        <line num="20" count="239" type="stmt"/>
        <line num="21" count="6" type="stmt"/>
        <line num="22" count="6" type="stmt"/>
        <line num="23" count="6" type="stmt"/>
        <line num="25" count="6" type="stmt"/>
        <line num="27" count="6" type="stmt"/>
        <line num="35" count="3" type="cond" truecount="1" falsecount="1"/>
        <line num="36" count="3" type="stmt"/>
        <line num="39" count="3" type="stmt"/>
        <line num="42" count="3" type="stmt"/>
        <line num="43" count="3" type="cond" truecount="4" falsecount="1"/>
        <line num="44" count="3" type="stmt"/>
        <line num="46" count="0" type="stmt"/>
        <line num="49" count="6" type="stmt"/>
        <line num="53" count="239" type="stmt"/>
        <line num="87" count="170" type="stmt"/>
        <line num="97" count="51" type="stmt"/>
      </file>
    </package>
    <package name="styles">
      <metrics statements="0" coveredstatements="0" conditionals="0" coveredconditionals="0" methods="0" coveredmethods="0"/>
      <file name="Calificaciones.css" path="/home/pulie/Escritorio/DUOC/colegio-frontend/src/styles/Calificaciones.css">
        <metrics statements="0" coveredstatements="0" conditionals="0" coveredconditionals="0" methods="0" coveredmethods="0"/>
      </file>
      <file name="Login.css" path="/home/pulie/Escritorio/DUOC/colegio-frontend/src/styles/Login.css">
        <metrics statements="0" coveredstatements="0" conditionals="0" coveredconditionals="0" methods="0" coveredmethods="0"/>
      </file>
    </package>
  </project>
</coverage>
