{"/home/pulie/Escritorio/DUOC/colegio-frontend/src/pages/Anotaciones.jsx": {"path":"/home/pulie/Escritorio/DUOC/colegio-frontend/src/pages/Anotaciones.jsx","statementMap":{"0":{"start":{"line":7,"column":17},"end":{"line":7,"column":42}},"1":{"start":{"line":8,"column":28},"end":{"line":8,"column":66}},"2":{"start":{"line":9,"column":18},"end":{"line":9,"column":44}},"3":{"start":{"line":10,"column":24},"end":{"line":10,"column":59}},"4":{"start":{"line":11,"column":25},"end":{"line":11,"column":61}},"5":{"start":{"line":12,"column":16},"end":{"line":12,"column":40}},"6":{"start":{"line":13,"column":14},"end":{"line":13,"column":null}},"7":{"start":{"line":16,"column":29},"end":{"line":16,"column":66}},"8":{"start":{"line":17,"column":24},"end":{"line":17,"column":64}},"9":{"start":{"line":18,"column":22},"end":{"line":18,"column":52}},"10":{"start":{"line":19,"column":20},"end":{"line":19,"column":51}},"11":{"start":{"line":22,"column":2},"end":{"line":59,"column":null}},"12":{"start":{"line":23,"column":26},"end":{"line":54,"column":null}},"13":{"start":{"line":24,"column":6},"end":{"line":54,"column":null}},"14":{"start":{"line":25,"column":8},"end":{"line":25,"column":null}},"15":{"start":{"line":26,"column":8},"end":{"line":26,"column":null}},"16":{"start":{"line":28,"column":10},"end":{"line":28,"column":72}},"17":{"start":{"line":30,"column":8},"end":{"line":32,"column":null}},"18":{"start":{"line":31,"column":10},"end":{"line":31,"column":null}},"19":{"start":{"line":32,"column":10},"end":{"line":32,"column":null}},"20":{"start":{"line":35,"column":25},"end":{"line":39,"column":null}},"21":{"start":{"line":43,"column":10},"end":{"line":44,"column":null}},"22":{"start":{"line":45,"column":8},"end":{"line":45,"column":null}},"23":{"start":{"line":47,"column":8},"end":{"line":48,"column":null}},"24":{"start":{"line":48,"column":10},"end":{"line":48,"column":null}},"25":{"start":{"line":51,"column":8},"end":{"line":51,"column":null}},"26":{"start":{"line":52,"column":8},"end":{"line":52,"column":null}},"27":{"start":{"line":54,"column":8},"end":{"line":54,"column":null}},"28":{"start":{"line":58,"column":4},"end":{"line":58,"column":null}},"29":{"start":{"line":62,"column":2},"end":{"line":103,"column":null}},"30":{"start":{"line":63,"column":4},"end":{"line":63,"column":null}},"31":{"start":{"line":63,"column":28},"end":{"line":63,"column":null}},"32":{"start":{"line":65,"column":27},"end":{"line":98,"column":null}},"33":{"start":{"line":66,"column":6},"end":{"line":98,"column":null}},"34":{"start":{"line":67,"column":8},"end":{"line":67,"column":null}},"35":{"start":{"line":69,"column":8},"end":{"line":69,"column":null}},"36":{"start":{"line":70,"column":8},"end":{"line":70,"column":null}},"37":{"start":{"line":73,"column":10},"end":{"line":73,"column":72}},"38":{"start":{"line":75,"column":25},"end":{"line":80,"column":null}},"39":{"start":{"line":84,"column":10},"end":{"line":85,"column":null}},"40":{"start":{"line":87,"column":26},"end":{"line":91,"column":null}},"41":{"start":{"line":88,"column":28},"end":{"line":88,"column":null}},"42":{"start":{"line":89,"column":28},"end":{"line":89,"column":null}},"43":{"start":{"line":90,"column":10},"end":{"line":90,"column":null}},"44":{"start":{"line":93,"column":8},"end":{"line":93,"column":null}},"45":{"start":{"line":95,"column":8},"end":{"line":95,"column":null}},"46":{"start":{"line":96,"column":8},"end":{"line":96,"column":null}},"47":{"start":{"line":98,"column":8},"end":{"line":98,"column":null}},"48":{"start":{"line":102,"column":4},"end":{"line":102,"column":null}},"49":{"start":{"line":106,"column":32},"end":{"line":144,"column":null}},"50":{"start":{"line":107,"column":4},"end":{"line":107,"column":null}},"51":{"start":{"line":109,"column":4},"end":{"line":111,"column":null}},"52":{"start":{"line":110,"column":6},"end":{"line":110,"column":null}},"53":{"start":{"line":111,"column":6},"end":{"line":111,"column":null}},"54":{"start":{"line":113,"column":4},"end":{"line":115,"column":null}},"55":{"start":{"line":114,"column":6},"end":{"line":114,"column":null}},"56":{"start":{"line":115,"column":6},"end":{"line":115,"column":null}},"57":{"start":{"line":118,"column":4},"end":{"line":144,"column":null}},"58":{"start":{"line":119,"column":6},"end":{"line":119,"column":null}},"59":{"start":{"line":121,"column":8},"end":{"line":121,"column":70}},"60":{"start":{"line":123,"column":22},"end":{"line":128,"column":null}},"61":{"start":{"line":130,"column":6},"end":{"line":132,"column":null}},"62":{"start":{"line":134,"column":6},"end":{"line":134,"column":null}},"63":{"start":{"line":136,"column":6},"end":{"line":136,"column":null}},"64":{"start":{"line":138,"column":6},"end":{"line":138,"column":null}},"65":{"start":{"line":139,"column":6},"end":{"line":142,"column":null}},"66":{"start":{"line":144,"column":6},"end":{"line":144,"column":null}},"67":{"start":{"line":148,"column":22},"end":{"line":148,"column":68}},"68":{"start":{"line":148,"column":41},"end":{"line":148,"column":68}},"69":{"start":{"line":150,"column":2},"end":{"line":154,"column":null}},"70":{"start":{"line":151,"column":4},"end":{"line":154,"column":null}},"71":{"start":{"line":158,"column":2},"end":{"line":341,"column":null}},"72":{"start":{"line":171,"column":25},"end":{"line":171,"column":45}},"73":{"start":{"line":188,"column":13},"end":{"line":188,"column":null}},"74":{"start":{"line":191,"column":13},"end":{"line":191,"column":null}},"75":{"start":{"line":203,"column":10},"end":{"line":209,"column":null}},"76":{"start":{"line":206,"column":27},"end":{"line":206,"column":57}},"77":{"start":{"line":237,"column":35},"end":{"line":237,"column":72}},"78":{"start":{"line":243,"column":20},"end":{"line":245,"column":null}},"79":{"start":{"line":271,"column":38},"end":{"line":271,"column":68}},"80":{"start":{"line":287,"column":38},"end":{"line":287,"column":null}},"81":{"start":{"line":312,"column":35},"end":{"line":312,"column":null}},"82":{"start":{"line":349,"column":0},"end":{"line":351,"column":null}}},"fnMap":{"0":{"name":"Anotaciones","decl":{"start":{"line":6,"column":9},"end":{"line":6,"column":21}},"loc":{"start":{"line":6,"column":37},"end":{"line":341,"column":null}},"line":6},"1":{"name":"(anonymous_1)","decl":{"start":{"line":22,"column":2},"end":{"line":22,"column":18}},"loc":{"start":{"line":22,"column":18},"end":{"line":59,"column":7}},"line":22},"2":{"name":"(anonymous_2)","decl":{"start":{"line":23,"column":26},"end":{"line":23,"column":38}},"loc":{"start":{"line":23,"column":38},"end":{"line":54,"column":null}},"line":23},"3":{"name":"(anonymous_3)","decl":{"start":{"line":62,"column":2},"end":{"line":62,"column":18}},"loc":{"start":{"line":62,"column":18},"end":{"line":103,"column":6}},"line":62},"4":{"name":"(anonymous_4)","decl":{"start":{"line":65,"column":27},"end":{"line":65,"column":39}},"loc":{"start":{"line":65,"column":39},"end":{"line":98,"column":null}},"line":65},"5":{"name":"(anonymous_5)","decl":{"start":{"line":87,"column":44},"end":{"line":87,"column":50}},"loc":{"start":{"line":87,"column":59},"end":{"line":91,"column":null}},"line":87},"6":{"name":"(anonymous_6)","decl":{"start":{"line":106,"column":32},"end":{"line":106,"column":39}},"loc":{"start":{"line":106,"column":45},"end":{"line":144,"column":null}},"line":106},"7":{"name":"(anonymous_7)","decl":{"start":{"line":148,"column":29},"end":{"line":148,"column":35}},"loc":{"start":{"line":148,"column":41},"end":{"line":148,"column":68}},"line":148},"8":{"name":"(anonymous_8)","decl":{"start":{"line":171,"column":10},"end":{"line":171,"column":25}},"loc":{"start":{"line":171,"column":25},"end":{"line":171,"column":45}},"line":171},"9":{"name":"(anonymous_9)","decl":{"start":{"line":187,"column":10},"end":{"line":187,"column":24}},"loc":{"start":{"line":188,"column":13},"end":{"line":188,"column":null}},"line":188},"10":{"name":"(anonymous_10)","decl":{"start":{"line":190,"column":10},"end":{"line":190,"column":23}},"loc":{"start":{"line":191,"column":13},"end":{"line":191,"column":null}},"line":191},"11":{"name":"(anonymous_11)","decl":{"start":{"line":202,"column":17},"end":{"line":202,"column":22}},"loc":{"start":{"line":203,"column":10},"end":{"line":209,"column":null}},"line":203},"12":{"name":"(anonymous_12)","decl":{"start":{"line":206,"column":12},"end":{"line":206,"column":27}},"loc":{"start":{"line":206,"column":27},"end":{"line":206,"column":57}},"line":206},"13":{"name":"(anonymous_13)","decl":{"start":{"line":237,"column":18},"end":{"line":237,"column":29}},"loc":{"start":{"line":237,"column":35},"end":{"line":237,"column":72}},"line":237},"14":{"name":"(anonymous_14)","decl":{"start":{"line":242,"column":27},"end":{"line":242,"column":32}},"loc":{"start":{"line":243,"column":20},"end":{"line":245,"column":null}},"line":243},"15":{"name":"(anonymous_15)","decl":{"start":{"line":271,"column":22},"end":{"line":271,"column":38}},"loc":{"start":{"line":271,"column":38},"end":{"line":271,"column":68}},"line":271},"16":{"name":"(anonymous_16)","decl":{"start":{"line":287,"column":22},"end":{"line":287,"column":38}},"loc":{"start":{"line":287,"column":38},"end":{"line":287,"column":null}},"line":287},"17":{"name":"(anonymous_17)","decl":{"start":{"line":312,"column":18},"end":{"line":312,"column":29}},"loc":{"start":{"line":312,"column":35},"end":{"line":312,"column":null}},"line":312}},"branchMap":{"0":{"loc":{"start":{"line":28,"column":10},"end":{"line":28,"column":72}},"type":"binary-expr","locations":[{"start":{"line":28,"column":10},"end":{"line":28,"column":39}},{"start":{"line":28,"column":43},"end":{"line":28,"column":72}}],"line":28},"1":{"loc":{"start":{"line":30,"column":8},"end":{"line":32,"column":null}},"type":"if","locations":[{"start":{"line":30,"column":8},"end":{"line":32,"column":null}},{"start":{},"end":{}}],"line":30},"2":{"loc":{"start":{"line":43,"column":10},"end":{"line":44,"column":null}},"type":"binary-expr","locations":[{"start":{"line":43,"column":10},"end":{"line":43,"column":null}},{"start":{"line":44,"column":11},"end":{"line":44,"column":60}}],"line":43},"3":{"loc":{"start":{"line":44,"column":11},"end":{"line":44,"column":60}},"type":"cond-expr","locations":[{"start":{"line":44,"column":42},"end":{"line":44,"column":58}},{"start":{"line":44,"column":58},"end":{"line":44,"column":60}}],"line":44},"4":{"loc":{"start":{"line":47,"column":8},"end":{"line":48,"column":null}},"type":"if","locations":[{"start":{"line":47,"column":8},"end":{"line":48,"column":null}},{"start":{},"end":{}}],"line":47},"5":{"loc":{"start":{"line":63,"column":4},"end":{"line":63,"column":null}},"type":"if","locations":[{"start":{"line":63,"column":4},"end":{"line":63,"column":null}},{"start":{},"end":{}}],"line":63},"6":{"loc":{"start":{"line":73,"column":10},"end":{"line":73,"column":72}},"type":"binary-expr","locations":[{"start":{"line":73,"column":10},"end":{"line":73,"column":39}},{"start":{"line":73,"column":43},"end":{"line":73,"column":72}}],"line":73},"7":{"loc":{"start":{"line":84,"column":10},"end":{"line":85,"column":null}},"type":"binary-expr","locations":[{"start":{"line":84,"column":10},"end":{"line":84,"column":null}},{"start":{"line":85,"column":11},"end":{"line":85,"column":60}}],"line":84},"8":{"loc":{"start":{"line":85,"column":11},"end":{"line":85,"column":60}},"type":"cond-expr","locations":[{"start":{"line":85,"column":42},"end":{"line":85,"column":58}},{"start":{"line":85,"column":58},"end":{"line":85,"column":60}}],"line":85},"9":{"loc":{"start":{"line":88,"column":28},"end":{"line":88,"column":null}},"type":"binary-expr","locations":[{"start":{"line":88,"column":28},"end":{"line":88,"column":42}},{"start":{"line":88,"column":42},"end":{"line":88,"column":null}}],"line":88},"10":{"loc":{"start":{"line":89,"column":28},"end":{"line":89,"column":null}},"type":"binary-expr","locations":[{"start":{"line":89,"column":28},"end":{"line":89,"column":42}},{"start":{"line":89,"column":42},"end":{"line":89,"column":null}}],"line":89},"11":{"loc":{"start":{"line":109,"column":4},"end":{"line":111,"column":null}},"type":"if","locations":[{"start":{"line":109,"column":4},"end":{"line":111,"column":null}},{"start":{},"end":{}}],"line":109},"12":{"loc":{"start":{"line":113,"column":4},"end":{"line":115,"column":null}},"type":"if","locations":[{"start":{"line":113,"column":4},"end":{"line":115,"column":null}},{"start":{},"end":{}}],"line":113},"13":{"loc":{"start":{"line":121,"column":8},"end":{"line":121,"column":70}},"type":"binary-expr","locations":[{"start":{"line":121,"column":8},"end":{"line":121,"column":37}},{"start":{"line":121,"column":41},"end":{"line":121,"column":70}}],"line":121},"14":{"loc":{"start":{"line":140,"column":8},"end":{"line":141,"column":null}},"type":"binary-expr","locations":[{"start":{"line":140,"column":8},"end":{"line":140,"column":null}},{"start":{"line":141,"column":10},"end":{"line":141,"column":null}}],"line":140},"15":{"loc":{"start":{"line":150,"column":2},"end":{"line":154,"column":null}},"type":"if","locations":[{"start":{"line":150,"column":2},"end":{"line":154,"column":null}},{"start":{},"end":{}}],"line":150},"16":{"loc":{"start":{"line":198,"column":7},"end":{"line":198,"column":null}},"type":"binary-expr","locations":[{"start":{"line":198,"column":7},"end":{"line":198,"column":16}},{"start":{"line":198,"column":16},"end":{"line":198,"column":null}}],"line":198},"17":{"loc":{"start":{"line":205,"column":34},"end":{"line":205,"column":null}},"type":"cond-expr","locations":[{"start":{"line":205,"column":67},"end":{"line":205,"column":78}},{"start":{"line":205,"column":78},"end":{"line":205,"column":null}}],"line":205},"18":{"loc":{"start":{"line":213,"column":7},"end":{"line":341,"column":null}},"type":"cond-expr","locations":[{"start":{"line":214,"column":8},"end":{"line":339,"column":9}},{"start":{"line":339,"column":8},"end":{"line":341,"column":null}}],"line":213},"19":{"loc":{"start":{"line":213,"column":7},"end":{"line":213,"column":null}},"type":"binary-expr","locations":[{"start":{"line":213,"column":7},"end":{"line":213,"column":28}},{"start":{"line":213,"column":28},"end":{"line":213,"column":null}}],"line":213},"20":{"loc":{"start":{"line":216,"column":38},"end":{"line":216,"column":79}},"type":"binary-expr","locations":[{"start":{"line":216,"column":38},"end":{"line":216,"column":61}},{"start":{"line":216,"column":61},"end":{"line":216,"column":79}}],"line":216},"21":{"loc":{"start":{"line":219,"column":11},"end":{"line":335,"column":null}},"type":"cond-expr","locations":[{"start":{"line":220,"column":12},"end":{"line":221,"column":22}},{"start":{"line":221,"column":14},"end":{"line":335,"column":null}}],"line":219},"22":{"loc":{"start":{"line":221,"column":14},"end":{"line":335,"column":null}},"type":"cond-expr","locations":[{"start":{"line":222,"column":12},"end":{"line":333,"column":13}},{"start":{"line":333,"column":12},"end":{"line":335,"column":null}}],"line":221},"23":{"loc":{"start":{"line":327,"column":17},"end":{"line":329,"column":null}},"type":"cond-expr","locations":[{"start":{"line":328,"column":20},"end":{"line":328,"column":null}},{"start":{"line":329,"column":20},"end":{"line":329,"column":null}}],"line":327}},"s":{"0":253,"1":253,"2":253,"3":253,"4":253,"5":253,"6":253,"7":253,"8":253,"9":253,"10":253,"11":253,"12":25,"13":25,"14":25,"15":25,"16":25,"17":25,"18":1,"19":1,"20":24,"21":22,"22":25,"23":25,"24":22,"25":1,"26":1,"27":24,"28":25,"29":253,"30":50,"31":25,"32":25,"33":25,"34":25,"35":25,"36":25,"37":25,"38":25,"39":25,"40":25,"41":24,"42":24,"43":24,"44":25,"45":0,"46":0,"47":25,"48":25,"49":253,"50":8,"51":8,"52":1,"53":1,"54":7,"55":1,"56":1,"57":6,"58":6,"59":6,"60":8,"61":8,"62":3,"63":3,"64":2,"65":2,"66":5,"67":253,"68":211,"69":253,"70":24,"71":229,"72":1,"73":0,"74":0,"75":404,"76":3,"77":8,"78":352,"79":0,"80":1,"81":133,"82":1},"f":{"0":253,"1":25,"2":25,"3":50,"4":25,"5":24,"6":8,"7":211,"8":1,"9":0,"10":0,"11":404,"12":3,"13":8,"14":352,"15":0,"16":1,"17":133},"b":{"0":[25,1],"1":[1,24],"2":[22,0],"3":[0,0],"4":[22,3],"5":[25,25],"6":[25,0],"7":[25,0],"8":[0,0],"9":[24,0],"10":[24,0],"11":[1,7],"12":[1,6],"13":[6,0],"14":[2,1],"15":[24,229],"16":[229,2],"17":[202,202],"18":[202,27],"19":[253,202],"20":[202,0],"21":[3,199],"22":[176,23],"23":[6,170]},"meta":{"lastBranch":24,"lastFunction":18,"lastStatement":83,"seen":{"f:6:9:6:21":0,"s:7:17:7:42":0,"s:8:28:8:66":1,"s:9:18:9:44":2,"s:10:24:10:59":3,"s:11:25:11:61":4,"s:12:16:12:40":5,"s:13:14:13:Infinity":6,"s:16:29:16:66":7,"s:17:24:17:64":8,"s:18:22:18:52":9,"s:19:20:19:51":10,"s:22:2:59:Infinity":11,"f:22:2:22:18":1,"s:23:26:54:Infinity":12,"f:23:26:23:38":2,"s:24:6:54:Infinity":13,"s:25:8:25:Infinity":14,"s:26:8:26:Infinity":15,"s:28:10:28:72":16,"b:28:10:28:39:28:43:28:72":0,"b:30:8:32:Infinity:undefined:undefined:undefined:undefined":1,"s:30:8:32:Infinity":17,"s:31:10:31:Infinity":18,"s:32:10:32:Infinity":19,"s:35:25:39:Infinity":20,"s:43:10:44:Infinity":21,"b:43:10:43:Infinity:44:11:44:60":2,"b:44:42:44:58:44:58:44:60":3,"s:45:8:45:Infinity":22,"b:47:8:48:Infinity:undefined:undefined:undefined:undefined":4,"s:47:8:48:Infinity":23,"s:48:10:48:Infinity":24,"s:51:8:51:Infinity":25,"s:52:8:52:Infinity":26,"s:54:8:54:Infinity":27,"s:58:4:58:Infinity":28,"s:62:2:103:Infinity":29,"f:62:2:62:18":3,"b:63:4:63:Infinity:undefined:undefined:undefined:undefined":5,"s:63:4:63:Infinity":30,"s:63:28:63:Infinity":31,"s:65:27:98:Infinity":32,"f:65:27:65:39":4,"s:66:6:98:Infinity":33,"s:67:8:67:Infinity":34,"s:69:8:69:Infinity":35,"s:70:8:70:Infinity":36,"s:73:10:73:72":37,"b:73:10:73:39:73:43:73:72":6,"s:75:25:80:Infinity":38,"s:84:10:85:Infinity":39,"b:84:10:84:Infinity:85:11:85:60":7,"b:85:42:85:58:85:58:85:60":8,"s:87:26:91:Infinity":40,"f:87:44:87:50":5,"s:88:28:88:Infinity":41,"b:88:28:88:42:88:42:88:Infinity":9,"s:89:28:89:Infinity":42,"b:89:28:89:42:89:42:89:Infinity":10,"s:90:10:90:Infinity":43,"s:93:8:93:Infinity":44,"s:95:8:95:Infinity":45,"s:96:8:96:Infinity":46,"s:98:8:98:Infinity":47,"s:102:4:102:Infinity":48,"s:106:32:144:Infinity":49,"f:106:32:106:39":6,"s:107:4:107:Infinity":50,"b:109:4:111:Infinity:undefined:undefined:undefined:undefined":11,"s:109:4:111:Infinity":51,"s:110:6:110:Infinity":52,"s:111:6:111:Infinity":53,"b:113:4:115:Infinity:undefined:undefined:undefined:undefined":12,"s:113:4:115:Infinity":54,"s:114:6:114:Infinity":55,"s:115:6:115:Infinity":56,"s:118:4:144:Infinity":57,"s:119:6:119:Infinity":58,"s:121:8:121:70":59,"b:121:8:121:37:121:41:121:70":13,"s:123:22:128:Infinity":60,"s:130:6:132:Infinity":61,"s:134:6:134:Infinity":62,"s:136:6:136:Infinity":63,"s:138:6:138:Infinity":64,"s:139:6:142:Infinity":65,"b:140:8:140:Infinity:141:10:141:Infinity":14,"s:144:6:144:Infinity":66,"s:148:22:148:68":67,"f:148:29:148:35":7,"s:148:41:148:68":68,"b:150:2:154:Infinity:undefined:undefined:undefined:undefined":15,"s:150:2:154:Infinity":69,"s:151:4:154:Infinity":70,"s:158:2:341:Infinity":71,"f:171:10:171:25":8,"s:171:25:171:45":72,"f:187:10:187:24":9,"s:188:13:188:Infinity":73,"f:190:10:190:23":10,"s:191:13:191:Infinity":74,"b:198:7:198:16:198:16:198:Infinity":16,"f:202:17:202:22":11,"s:203:10:209:Infinity":75,"b:205:67:205:78:205:78:205:Infinity":17,"f:206:12:206:27":12,"s:206:27:206:57":76,"b:214:8:339:9:339:8:341:Infinity":18,"b:213:7:213:28:213:28:213:Infinity":19,"b:216:38:216:61:216:61:216:79":20,"b:220:12:221:22:221:14:335:Infinity":21,"b:222:12:333:13:333:12:335:Infinity":22,"f:237:18:237:29":13,"s:237:35:237:72":77,"f:242:27:242:32":14,"s:243:20:245:Infinity":78,"f:271:22:271:38":15,"s:271:38:271:68":79,"f:287:22:287:38":16,"s:287:38:287:Infinity":80,"f:312:18:312:29":17,"s:312:35:312:Infinity":81,"b:328:20:328:Infinity:329:20:329:Infinity":23,"s:349:0:351:Infinity":82},"fnNames":{}}}
,"/home/pulie/Escritorio/DUOC/colegio-frontend/src/pages/Asistencia.jsx": {"path":"/home/pulie/Escritorio/DUOC/colegio-frontend/src/pages/Asistencia.jsx","statementMap":{"0":{"start":{"line":7,"column":17},"end":{"line":7,"column":42}},"1":{"start":{"line":8,"column":28},"end":{"line":8,"column":66}},"2":{"start":{"line":9,"column":18},"end":{"line":9,"column":44}},"3":{"start":{"line":10,"column":21},"end":{"line":10,"column":50}},"4":{"start":{"line":11,"column":18},"end":{"line":11,"column":47}},"5":{"start":{"line":12,"column":16},"end":{"line":12,"column":40}},"6":{"start":{"line":13,"column":14},"end":{"line":13,"column":null}},"7":{"start":{"line":16,"column":2},"end":{"line":44,"column":null}},"8":{"start":{"line":17,"column":25},"end":{"line":39,"column":null}},"9":{"start":{"line":18,"column":6},"end":{"line":39,"column":null}},"10":{"start":{"line":19,"column":8},"end":{"line":19,"column":null}},"11":{"start":{"line":20,"column":22},"end":{"line":20,"column":51}},"12":{"start":{"line":22,"column":25},"end":{"line":26,"column":null}},"13":{"start":{"line":29,"column":28},"end":{"line":29,"column":null}},"14":{"start":{"line":30,"column":8},"end":{"line":30,"column":null}},"15":{"start":{"line":32,"column":8},"end":{"line":33,"column":null}},"16":{"start":{"line":33,"column":10},"end":{"line":33,"column":null}},"17":{"start":{"line":36,"column":8},"end":{"line":36,"column":null}},"18":{"start":{"line":37,"column":8},"end":{"line":37,"column":null}},"19":{"start":{"line":39,"column":8},"end":{"line":39,"column":null}},"20":{"start":{"line":43,"column":4},"end":{"line":43,"column":null}},"21":{"start":{"line":47,"column":2},"end":{"line":82,"column":null}},"22":{"start":{"line":48,"column":4},"end":{"line":48,"column":null}},"23":{"start":{"line":48,"column":28},"end":{"line":48,"column":null}},"24":{"start":{"line":50,"column":26},"end":{"line":77,"column":null}},"25":{"start":{"line":51,"column":6},"end":{"line":77,"column":null}},"26":{"start":{"line":52,"column":22},"end":{"line":52,"column":51}},"27":{"start":{"line":53,"column":25},"end":{"line":58,"column":null}},"28":{"start":{"line":61,"column":29},"end":{"line":61,"column":null}},"29":{"start":{"line":63,"column":26},"end":{"line":64,"column":null}},"30":{"start":{"line":64,"column":10},"end":{"line":64,"column":45}},"31":{"start":{"line":67,"column":8},"end":{"line":67,"column":null}},"32":{"start":{"line":70,"column":30},"end":{"line":70,"column":32}},"33":{"start":{"line":71,"column":8},"end":{"line":73,"column":null}},"34":{"start":{"line":72,"column":10},"end":{"line":72,"column":null}},"35":{"start":{"line":74,"column":8},"end":{"line":74,"column":null}},"36":{"start":{"line":76,"column":8},"end":{"line":76,"column":null}},"37":{"start":{"line":77,"column":8},"end":{"line":77,"column":null}},"38":{"start":{"line":81,"column":4},"end":{"line":81,"column":null}},"39":{"start":{"line":85,"column":8},"end":{"line":98,"column":null}},"40":{"start":{"line":86,"column":4},"end":{"line":98,"column":null}},"41":{"start":{"line":87,"column":34},"end":{"line":87,"column":null}},"42":{"start":{"line":88,"column":6},"end":{"line":97,"column":null}},"43":{"start":{"line":102,"column":8},"end":{"line":109,"column":null}},"44":{"start":{"line":103,"column":4},"end":{"line":109,"column":null}},"45":{"start":{"line":103,"column":29},"end":{"line":109,"column":7}},"46":{"start":{"line":113,"column":28},"end":{"line":138,"column":null}},"47":{"start":{"line":114,"column":4},"end":{"line":138,"column":null}},"48":{"start":{"line":115,"column":20},"end":{"line":115,"column":49}},"49":{"start":{"line":117,"column":24},"end":{"line":121,"column":9}},"50":{"start":{"line":117,"column":61},"end":{"line":121,"column":9}},"51":{"start":{"line":123,"column":6},"end":{"line":133,"column":null}},"52":{"start":{"line":135,"column":6},"end":{"line":135,"column":null}},"53":{"start":{"line":137,"column":6},"end":{"line":137,"column":null}},"54":{"start":{"line":138,"column":6},"end":{"line":138,"column":null}},"55":{"start":{"line":142,"column":22},"end":{"line":142,"column":68}},"56":{"start":{"line":142,"column":41},"end":{"line":142,"column":68}},"57":{"start":{"line":144,"column":2},"end":{"line":145,"column":null}},"58":{"start":{"line":145,"column":4},"end":{"line":145,"column":null}},"59":{"start":{"line":147,"column":2},"end":{"line":293,"column":null}},"60":{"start":{"line":160,"column":25},"end":{"line":160,"column":45}},"61":{"start":{"line":177,"column":13},"end":{"line":177,"column":null}},"62":{"start":{"line":180,"column":13},"end":{"line":180,"column":null}},"63":{"start":{"line":192,"column":10},"end":{"line":198,"column":null}},"64":{"start":{"line":195,"column":27},"end":{"line":195,"column":57}},"65":{"start":{"line":228,"column":35},"end":{"line":228,"column":null}},"66":{"start":{"line":230,"column":18},"end":{"line":230,"column":null}},"67":{"start":{"line":232,"column":16},"end":{"line":281,"column":null}},"68":{"start":{"line":247,"column":42},"end":{"line":247,"column":null}},"69":{"start":{"line":263,"column":26},"end":{"line":265,"column":null}},"70":{"start":{"line":301,"column":0},"end":{"line":303,"column":null}}},"fnMap":{"0":{"name":"Asistencia","decl":{"start":{"line":6,"column":9},"end":{"line":6,"column":20}},"loc":{"start":{"line":6,"column":36},"end":{"line":293,"column":null}},"line":6},"1":{"name":"(anonymous_1)","decl":{"start":{"line":16,"column":2},"end":{"line":16,"column":18}},"loc":{"start":{"line":16,"column":18},"end":{"line":44,"column":7}},"line":16},"2":{"name":"(anonymous_2)","decl":{"start":{"line":17,"column":25},"end":{"line":17,"column":37}},"loc":{"start":{"line":17,"column":37},"end":{"line":39,"column":null}},"line":17},"3":{"name":"(anonymous_3)","decl":{"start":{"line":47,"column":2},"end":{"line":47,"column":18}},"loc":{"start":{"line":47,"column":18},"end":{"line":82,"column":6}},"line":47},"4":{"name":"(anonymous_4)","decl":{"start":{"line":50,"column":26},"end":{"line":50,"column":38}},"loc":{"start":{"line":50,"column":38},"end":{"line":77,"column":null}},"line":50},"5":{"name":"(anonymous_5)","decl":{"start":{"line":63,"column":44},"end":{"line":63,"column":50}},"loc":{"start":{"line":64,"column":10},"end":{"line":64,"column":45}},"line":64},"6":{"name":"(anonymous_6)","decl":{"start":{"line":71,"column":18},"end":{"line":71,"column":27}},"loc":{"start":{"line":71,"column":34},"end":{"line":73,"column":null}},"line":71},"7":{"name":"(anonymous_7)","decl":{"start":{"line":85,"column":8},"end":{"line":85,"column":32}},"loc":{"start":{"line":85,"column":45},"end":{"line":98,"column":null}},"line":85},"8":{"name":"(anonymous_8)","decl":{"start":{"line":86,"column":4},"end":{"line":86,"column":19}},"loc":{"start":{"line":86,"column":28},"end":{"line":98,"column":null}},"line":86},"9":{"name":"(anonymous_9)","decl":{"start":{"line":102,"column":8},"end":{"line":102,"column":41}},"loc":{"start":{"line":102,"column":61},"end":{"line":109,"column":null}},"line":102},"10":{"name":"(anonymous_10)","decl":{"start":{"line":103,"column":4},"end":{"line":103,"column":19}},"loc":{"start":{"line":103,"column":29},"end":{"line":109,"column":7}},"line":103},"11":{"name":"(anonymous_11)","decl":{"start":{"line":113,"column":28},"end":{"line":113,"column":40}},"loc":{"start":{"line":113,"column":40},"end":{"line":138,"column":null}},"line":113},"12":{"name":"(anonymous_12)","decl":{"start":{"line":117,"column":48},"end":{"line":117,"column":53}},"loc":{"start":{"line":117,"column":61},"end":{"line":121,"column":9}},"line":117},"13":{"name":"(anonymous_13)","decl":{"start":{"line":142,"column":29},"end":{"line":142,"column":35}},"loc":{"start":{"line":142,"column":41},"end":{"line":142,"column":68}},"line":142},"14":{"name":"(anonymous_14)","decl":{"start":{"line":160,"column":10},"end":{"line":160,"column":25}},"loc":{"start":{"line":160,"column":25},"end":{"line":160,"column":45}},"line":160},"15":{"name":"(anonymous_15)","decl":{"start":{"line":176,"column":10},"end":{"line":176,"column":24}},"loc":{"start":{"line":177,"column":13},"end":{"line":177,"column":null}},"line":177},"16":{"name":"(anonymous_16)","decl":{"start":{"line":179,"column":10},"end":{"line":179,"column":23}},"loc":{"start":{"line":180,"column":13},"end":{"line":180,"column":null}},"line":180},"17":{"name":"(anonymous_17)","decl":{"start":{"line":191,"column":17},"end":{"line":191,"column":22}},"loc":{"start":{"line":192,"column":10},"end":{"line":198,"column":null}},"line":192},"18":{"name":"(anonymous_18)","decl":{"start":{"line":195,"column":12},"end":{"line":195,"column":27}},"loc":{"start":{"line":195,"column":27},"end":{"line":195,"column":57}},"line":195},"19":{"name":"(anonymous_19)","decl":{"start":{"line":227,"column":23},"end":{"line":227,"column":28}},"loc":{"start":{"line":227,"column":46},"end":{"line":283,"column":null}},"line":227},"20":{"name":"(anonymous_20)","decl":{"start":{"line":247,"column":26},"end":{"line":247,"column":42}},"loc":{"start":{"line":247,"column":42},"end":{"line":247,"column":null}},"line":247},"21":{"name":"(anonymous_21)","decl":{"start":{"line":262,"column":24},"end":{"line":262,"column":35}},"loc":{"start":{"line":263,"column":26},"end":{"line":265,"column":null}},"line":263}},"branchMap":{"0":{"loc":{"start":{"line":29,"column":28},"end":{"line":29,"column":null}},"type":"binary-expr","locations":[{"start":{"line":29,"column":28},"end":{"line":29,"column":52}},{"start":{"line":29,"column":52},"end":{"line":29,"column":null}}],"line":29},"1":{"loc":{"start":{"line":32,"column":8},"end":{"line":33,"column":null}},"type":"if","locations":[{"start":{"line":32,"column":8},"end":{"line":33,"column":null}},{"start":{},"end":{}}],"line":32},"2":{"loc":{"start":{"line":48,"column":4},"end":{"line":48,"column":null}},"type":"if","locations":[{"start":{"line":48,"column":4},"end":{"line":48,"column":null}},{"start":{},"end":{}}],"line":48},"3":{"loc":{"start":{"line":61,"column":29},"end":{"line":61,"column":null}},"type":"binary-expr","locations":[{"start":{"line":61,"column":29},"end":{"line":61,"column":54}},{"start":{"line":61,"column":54},"end":{"line":61,"column":null}}],"line":61},"4":{"loc":{"start":{"line":93,"column":25},"end":{"line":95,"column":null}},"type":"cond-expr","locations":[{"start":{"line":94,"column":14},"end":{"line":94,"column":null}},{"start":{"line":95,"column":14},"end":{"line":95,"column":null}}],"line":93},"5":{"loc":{"start":{"line":144,"column":2},"end":{"line":145,"column":null}},"type":"if","locations":[{"start":{"line":144,"column":2},"end":{"line":145,"column":null}},{"start":{},"end":{}}],"line":144},"6":{"loc":{"start":{"line":187,"column":7},"end":{"line":187,"column":null}},"type":"binary-expr","locations":[{"start":{"line":187,"column":7},"end":{"line":187,"column":16}},{"start":{"line":187,"column":16},"end":{"line":187,"column":null}}],"line":187},"7":{"loc":{"start":{"line":194,"column":34},"end":{"line":194,"column":null}},"type":"cond-expr","locations":[{"start":{"line":194,"column":67},"end":{"line":194,"column":78}},{"start":{"line":194,"column":78},"end":{"line":194,"column":null}}],"line":194},"8":{"loc":{"start":{"line":202,"column":7},"end":{"line":293,"column":null}},"type":"cond-expr","locations":[{"start":{"line":203,"column":8},"end":{"line":291,"column":9}},{"start":{"line":291,"column":8},"end":{"line":293,"column":null}}],"line":202},"9":{"loc":{"start":{"line":202,"column":7},"end":{"line":202,"column":null}},"type":"binary-expr","locations":[{"start":{"line":202,"column":7},"end":{"line":202,"column":22}},{"start":{"line":202,"column":22},"end":{"line":202,"column":null}}],"line":202},"10":{"loc":{"start":{"line":228,"column":35},"end":{"line":228,"column":null}},"type":"binary-expr","locations":[{"start":{"line":228,"column":35},"end":{"line":228,"column":70}},{"start":{"line":228,"column":70},"end":{"line":228,"column":null}}],"line":228},"11":{"loc":{"start":{"line":230,"column":18},"end":{"line":230,"column":null}},"type":"binary-expr","locations":[{"start":{"line":230,"column":18},"end":{"line":230,"column":58}},{"start":{"line":230,"column":58},"end":{"line":230,"column":null}}],"line":230},"12":{"loc":{"start":{"line":258,"column":26},"end":{"line":258,"column":null}},"type":"cond-expr","locations":[{"start":{"line":258,"column":39},"end":{"line":258,"column":44}},{"start":{"line":258,"column":44},"end":{"line":258,"column":null}}],"line":258},"13":{"loc":{"start":{"line":275,"column":43},"end":{"line":275,"column":null}},"type":"cond-expr","locations":[{"start":{"line":275,"column":56},"end":{"line":275,"column":68}},{"start":{"line":275,"column":68},"end":{"line":275,"column":null}}],"line":275},"14":{"loc":{"start":{"line":276,"column":35},"end":{"line":276,"column":null}},"type":"cond-expr","locations":[{"start":{"line":276,"column":48},"end":{"line":276,"column":54}},{"start":{"line":276,"column":54},"end":{"line":276,"column":null}}],"line":276}},"s":{"0":148,"1":148,"2":148,"3":148,"4":148,"5":148,"6":148,"7":148,"8":25,"9":25,"10":25,"11":25,"12":25,"13":23,"14":25,"15":25,"16":23,"17":1,"18":1,"19":24,"20":25,"21":148,"22":51,"23":25,"24":26,"25":26,"26":26,"27":26,"28":26,"29":26,"30":24,"31":26,"32":26,"33":26,"34":48,"35":26,"36":0,"37":0,"38":26,"39":148,"40":6,"41":6,"42":6,"43":148,"44":45,"45":45,"46":148,"47":4,"48":4,"49":4,"50":8,"51":4,"52":3,"53":1,"54":1,"55":148,"56":103,"57":148,"58":25,"59":123,"60":1,"61":0,"62":0,"63":194,"64":3,"65":146,"66":146,"67":146,"68":6,"69":45,"70":1},"f":{"0":148,"1":25,"2":25,"3":51,"4":26,"5":24,"6":48,"7":6,"8":6,"9":45,"10":45,"11":4,"12":8,"13":103,"14":1,"15":0,"16":0,"17":194,"18":3,"19":146,"20":6,"21":45},"b":{"0":[23,1],"1":[23,2],"2":[25,26],"3":[26,0],"4":[5,1],"5":[25,123],"6":[123,1],"7":[97,97],"8":[73,50],"9":[148,97],"10":[146,140],"11":[146,101],"12":[6,140],"13":[6,140],"14":[6,140]},"meta":{"lastBranch":15,"lastFunction":22,"lastStatement":71,"seen":{"f:6:9:6:20":0,"s:7:17:7:42":0,"s:8:28:8:66":1,"s:9:18:9:44":2,"s:10:21:10:50":3,"s:11:18:11:47":4,"s:12:16:12:40":5,"s:13:14:13:Infinity":6,"s:16:2:44:Infinity":7,"f:16:2:16:18":1,"s:17:25:39:Infinity":8,"f:17:25:17:37":2,"s:18:6:39:Infinity":9,"s:19:8:19:Infinity":10,"s:20:22:20:51":11,"s:22:25:26:Infinity":12,"s:29:28:29:Infinity":13,"b:29:28:29:52:29:52:29:Infinity":0,"s:30:8:30:Infinity":14,"b:32:8:33:Infinity:undefined:undefined:undefined:undefined":1,"s:32:8:33:Infinity":15,"s:33:10:33:Infinity":16,"s:36:8:36:Infinity":17,"s:37:8:37:Infinity":18,"s:39:8:39:Infinity":19,"s:43:4:43:Infinity":20,"s:47:2:82:Infinity":21,"f:47:2:47:18":3,"b:48:4:48:Infinity:undefined:undefined:undefined:undefined":2,"s:48:4:48:Infinity":22,"s:48:28:48:Infinity":23,"s:50:26:77:Infinity":24,"f:50:26:50:38":4,"s:51:6:77:Infinity":25,"s:52:22:52:51":26,"s:53:25:58:Infinity":27,"s:61:29:61:Infinity":28,"b:61:29:61:54:61:54:61:Infinity":3,"s:63:26:64:Infinity":29,"f:63:44:63:50":5,"s:64:10:64:45":30,"s:67:8:67:Infinity":31,"s:70:30:70:32":32,"s:71:8:73:Infinity":33,"f:71:18:71:27":6,"s:72:10:72:Infinity":34,"s:74:8:74:Infinity":35,"s:76:8:76:Infinity":36,"s:77:8:77:Infinity":37,"s:81:4:81:Infinity":38,"s:85:8:98:Infinity":39,"f:85:8:85:32":7,"s:86:4:98:Infinity":40,"f:86:4:86:19":8,"s:87:34:87:Infinity":41,"s:88:6:97:Infinity":42,"b:94:14:94:Infinity:95:14:95:Infinity":4,"s:102:8:109:Infinity":43,"f:102:8:102:41":9,"s:103:4:109:Infinity":44,"f:103:4:103:19":10,"s:103:29:109:7":45,"s:113:28:138:Infinity":46,"f:113:28:113:40":11,"s:114:4:138:Infinity":47,"s:115:20:115:49":48,"s:117:24:121:9":49,"f:117:48:117:53":12,"s:117:61:121:9":50,"s:123:6:133:Infinity":51,"s:135:6:135:Infinity":52,"s:137:6:137:Infinity":53,"s:138:6:138:Infinity":54,"s:142:22:142:68":55,"f:142:29:142:35":13,"s:142:41:142:68":56,"b:144:2:145:Infinity:undefined:undefined:undefined:undefined":5,"s:144:2:145:Infinity":57,"s:145:4:145:Infinity":58,"s:147:2:293:Infinity":59,"f:160:10:160:25":14,"s:160:25:160:45":60,"f:176:10:176:24":15,"s:177:13:177:Infinity":61,"f:179:10:179:23":16,"s:180:13:180:Infinity":62,"b:187:7:187:16:187:16:187:Infinity":6,"f:191:17:191:22":17,"s:192:10:198:Infinity":63,"b:194:67:194:78:194:78:194:Infinity":7,"f:195:12:195:27":18,"s:195:27:195:57":64,"b:203:8:291:9:291:8:293:Infinity":8,"b:202:7:202:22:202:22:202:Infinity":9,"f:227:23:227:28":19,"s:228:35:228:Infinity":65,"b:228:35:228:70:228:70:228:Infinity":10,"s:230:18:230:Infinity":66,"b:230:18:230:58:230:58:230:Infinity":11,"s:232:16:281:Infinity":67,"f:247:26:247:42":20,"s:247:42:247:Infinity":68,"b:258:39:258:44:258:44:258:Infinity":12,"f:262:24:262:35":21,"s:263:26:265:Infinity":69,"b:275:56:275:68:275:68:275:Infinity":13,"b:276:48:276:54:276:54:276:Infinity":14,"s:301:0:303:Infinity":70},"fnNames":{}}}
,"/home/pulie/Escritorio/DUOC/colegio-frontend/src/pages/Calificaciones.jsx": {"path":"/home/pulie/Escritorio/DUOC/colegio-frontend/src/pages/Calificaciones.jsx","statementMap":{"0":{"start":{"line":7,"column":17},"end":{"line":7,"column":42}},"1":{"start":{"line":8,"column":28},"end":{"line":8,"column":66}},"2":{"start":{"line":9,"column":18},"end":{"line":9,"column":44}},"3":{"start":{"line":10,"column":24},"end":{"line":10,"column":59}},"4":{"start":{"line":11,"column":25},"end":{"line":11,"column":61}},"5":{"start":{"line":12,"column":16},"end":{"line":12,"column":40}},"6":{"start":{"line":13,"column":14},"end":{"line":13,"column":null}},"7":{"start":{"line":16,"column":20},"end":{"line":16,"column":51}},"8":{"start":{"line":17,"column":27},"end":{"line":17,"column":62}},"9":{"start":{"line":18,"column":22},"end":{"line":18,"column":52}},"10":{"start":{"line":21,"column":21},"end":{"line":21,"column":49}},"11":{"start":{"line":24,"column":8},"end":{"line":25,"column":66}},"12":{"start":{"line":25,"column":4},"end":{"line":25,"column":66}},"13":{"start":{"line":28,"column":2},"end":{"line":62,"column":null}},"14":{"start":{"line":29,"column":26},"end":{"line":57,"column":null}},"15":{"start":{"line":30,"column":6},"end":{"line":57,"column":null}},"16":{"start":{"line":31,"column":8},"end":{"line":31,"column":null}},"17":{"start":{"line":32,"column":8},"end":{"line":32,"column":null}},"18":{"start":{"line":33,"column":22},"end":{"line":33,"column":32}},"19":{"start":{"line":35,"column":8},"end":{"line":37,"column":null}},"20":{"start":{"line":36,"column":10},"end":{"line":36,"column":null}},"21":{"start":{"line":37,"column":10},"end":{"line":37,"column":null}},"22":{"start":{"line":40,"column":25},"end":{"line":42,"column":10}},"23":{"start":{"line":45,"column":10},"end":{"line":46,"column":null}},"24":{"start":{"line":48,"column":8},"end":{"line":48,"column":null}},"25":{"start":{"line":50,"column":8},"end":{"line":51,"column":null}},"26":{"start":{"line":51,"column":10},"end":{"line":51,"column":null}},"27":{"start":{"line":54,"column":8},"end":{"line":54,"column":null}},"28":{"start":{"line":55,"column":8},"end":{"line":55,"column":null}},"29":{"start":{"line":57,"column":8},"end":{"line":57,"column":null}},"30":{"start":{"line":61,"column":4},"end":{"line":61,"column":null}},"31":{"start":{"line":66,"column":2},"end":{"line":98,"column":null}},"32":{"start":{"line":67,"column":4},"end":{"line":67,"column":null}},"33":{"start":{"line":67,"column":28},"end":{"line":67,"column":null}},"34":{"start":{"line":69,"column":27},"end":{"line":93,"column":null}},"35":{"start":{"line":70,"column":6},"end":{"line":93,"column":null}},"36":{"start":{"line":71,"column":8},"end":{"line":71,"column":null}},"37":{"start":{"line":72,"column":22},"end":{"line":72,"column":32}},"38":{"start":{"line":74,"column":25},"end":{"line":77,"column":null}},"39":{"start":{"line":81,"column":10},"end":{"line":82,"column":null}},"40":{"start":{"line":84,"column":26},"end":{"line":85,"column":null}},"41":{"start":{"line":84,"column":53},"end":{"line":85,"column":59}},"42":{"start":{"line":88,"column":8},"end":{"line":88,"column":null}},"43":{"start":{"line":90,"column":8},"end":{"line":90,"column":null}},"44":{"start":{"line":91,"column":8},"end":{"line":91,"column":null}},"45":{"start":{"line":93,"column":8},"end":{"line":93,"column":null}},"46":{"start":{"line":97,"column":4},"end":{"line":97,"column":null}},"47":{"start":{"line":101,"column":8},"end":{"line":105,"column":null}},"48":{"start":{"line":102,"column":4},"end":{"line":102,"column":null}},"49":{"start":{"line":103,"column":4},"end":{"line":103,"column":null}},"50":{"start":{"line":104,"column":4},"end":{"line":104,"column":null}},"51":{"start":{"line":105,"column":4},"end":{"line":105,"column":null}},"52":{"start":{"line":108,"column":8},"end":{"line":109,"column":null}},"53":{"start":{"line":109,"column":4},"end":{"line":109,"column":null}},"54":{"start":{"line":109,"column":30},"end":{"line":109,"column":62}},"55":{"start":{"line":113,"column":32},"end":{"line":162,"column":null}},"56":{"start":{"line":114,"column":4},"end":{"line":116,"column":null}},"57":{"start":{"line":115,"column":6},"end":{"line":115,"column":null}},"58":{"start":{"line":116,"column":6},"end":{"line":116,"column":null}},"59":{"start":{"line":119,"column":27},"end":{"line":120,"column":null}},"60":{"start":{"line":120,"column":14},"end":{"line":120,"column":null}},"61":{"start":{"line":123,"column":4},"end":{"line":125,"column":null}},"62":{"start":{"line":124,"column":6},"end":{"line":124,"column":null}},"63":{"start":{"line":125,"column":6},"end":{"line":125,"column":null}},"64":{"start":{"line":128,"column":4},"end":{"line":162,"column":null}},"65":{"start":{"line":129,"column":20},"end":{"line":129,"column":30}},"66":{"start":{"line":131,"column":22},"end":{"line":138,"column":null}},"67":{"start":{"line":134,"column":58},"end":{"line":137,"column":null}},"68":{"start":{"line":140,"column":23},"end":{"line":143,"column":null}},"69":{"start":{"line":146,"column":6},"end":{"line":155,"column":null}},"70":{"start":{"line":147,"column":8},"end":{"line":147,"column":null}},"71":{"start":{"line":150,"column":8},"end":{"line":150,"column":null}},"72":{"start":{"line":151,"column":8},"end":{"line":151,"column":null}},"73":{"start":{"line":152,"column":8},"end":{"line":152,"column":null}},"74":{"start":{"line":155,"column":8},"end":{"line":155,"column":null}},"75":{"start":{"line":155,"column":29},"end":{"line":155,"column":35}},"76":{"start":{"line":158,"column":6},"end":{"line":158,"column":null}},"77":{"start":{"line":160,"column":8},"end":{"line":161,"column":null}},"78":{"start":{"line":162,"column":6},"end":{"line":162,"column":null}},"79":{"start":{"line":167,"column":22},"end":{"line":167,"column":68}},"80":{"start":{"line":167,"column":41},"end":{"line":167,"column":68}},"81":{"start":{"line":169,"column":2},"end":{"line":173,"column":null}},"82":{"start":{"line":170,"column":4},"end":{"line":173,"column":null}},"83":{"start":{"line":177,"column":2},"end":{"line":389,"column":null}},"84":{"start":{"line":191,"column":25},"end":{"line":191,"column":45}},"85":{"start":{"line":208,"column":13},"end":{"line":208,"column":null}},"86":{"start":{"line":211,"column":13},"end":{"line":211,"column":null}},"87":{"start":{"line":223,"column":10},"end":{"line":229,"column":null}},"88":{"start":{"line":226,"column":27},"end":{"line":226,"column":55}},"89":{"start":{"line":249,"column":31},"end":{"line":249,"column":49}},"90":{"start":{"line":262,"column":37},"end":{"line":262,"column":null}},"91":{"start":{"line":273,"column":20},"end":{"line":273,"column":null}},"92":{"start":{"line":274,"column":20},"end":{"line":274,"column":null}},"93":{"start":{"line":275,"column":20},"end":{"line":275,"column":null}},"94":{"start":{"line":305,"column":20},"end":{"line":366,"column":null}},"95":{"start":{"line":326,"column":32},"end":{"line":338,"column":null}},"96":{"start":{"line":361,"column":30},"end":{"line":361,"column":null}},"97":{"start":{"line":397,"column":0},"end":{"line":399,"column":null}}},"fnMap":{"0":{"name":"Calificaciones","decl":{"start":{"line":6,"column":9},"end":{"line":6,"column":24}},"loc":{"start":{"line":6,"column":40},"end":{"line":389,"column":null}},"line":6},"1":{"name":"(anonymous_1)","decl":{"start":{"line":24,"column":8},"end":{"line":24,"column":null}},"loc":{"start":{"line":25,"column":4},"end":{"line":25,"column":66}},"line":25},"2":{"name":"(anonymous_2)","decl":{"start":{"line":28,"column":2},"end":{"line":28,"column":18}},"loc":{"start":{"line":28,"column":18},"end":{"line":62,"column":7}},"line":28},"3":{"name":"(anonymous_3)","decl":{"start":{"line":29,"column":26},"end":{"line":29,"column":38}},"loc":{"start":{"line":29,"column":38},"end":{"line":57,"column":null}},"line":29},"4":{"name":"(anonymous_4)","decl":{"start":{"line":66,"column":2},"end":{"line":66,"column":18}},"loc":{"start":{"line":66,"column":18},"end":{"line":98,"column":6}},"line":66},"5":{"name":"(anonymous_5)","decl":{"start":{"line":69,"column":27},"end":{"line":69,"column":39}},"loc":{"start":{"line":69,"column":39},"end":{"line":93,"column":null}},"line":69},"6":{"name":"(anonymous_6)","decl":{"start":{"line":84,"column":44},"end":{"line":84,"column":50}},"loc":{"start":{"line":84,"column":53},"end":{"line":85,"column":59}},"line":84},"7":{"name":"(anonymous_7)","decl":{"start":{"line":101,"column":8},"end":{"line":101,"column":30}},"loc":{"start":{"line":101,"column":42},"end":{"line":105,"column":null}},"line":101},"8":{"name":"(anonymous_8)","decl":{"start":{"line":108,"column":8},"end":{"line":108,"column":28}},"loc":{"start":{"line":108,"column":48},"end":{"line":109,"column":null}},"line":108},"9":{"name":"(anonymous_9)","decl":{"start":{"line":109,"column":4},"end":{"line":109,"column":20}},"loc":{"start":{"line":109,"column":30},"end":{"line":109,"column":62}},"line":109},"10":{"name":"(anonymous_10)","decl":{"start":{"line":113,"column":32},"end":{"line":113,"column":44}},"loc":{"start":{"line":113,"column":44},"end":{"line":162,"column":null}},"line":113},"11":{"name":"(anonymous_11)","decl":{"start":{"line":119,"column":52},"end":{"line":119,"column":null}},"loc":{"start":{"line":120,"column":14},"end":{"line":120,"column":null}},"line":120},"12":{"name":"(anonymous_12)","decl":{"start":{"line":134,"column":39},"end":{"line":134,"column":44}},"loc":{"start":{"line":134,"column":58},"end":{"line":137,"column":null}},"line":134},"13":{"name":"(anonymous_13)","decl":{"start":{"line":155,"column":8},"end":{"line":155,"column":23}},"loc":{"start":{"line":155,"column":29},"end":{"line":155,"column":35}},"line":155},"14":{"name":"(anonymous_14)","decl":{"start":{"line":167,"column":29},"end":{"line":167,"column":35}},"loc":{"start":{"line":167,"column":41},"end":{"line":167,"column":68}},"line":167},"15":{"name":"(anonymous_15)","decl":{"start":{"line":191,"column":10},"end":{"line":191,"column":25}},"loc":{"start":{"line":191,"column":25},"end":{"line":191,"column":45}},"line":191},"16":{"name":"(anonymous_16)","decl":{"start":{"line":207,"column":10},"end":{"line":207,"column":24}},"loc":{"start":{"line":208,"column":13},"end":{"line":208,"column":null}},"line":208},"17":{"name":"(anonymous_17)","decl":{"start":{"line":210,"column":10},"end":{"line":210,"column":23}},"loc":{"start":{"line":211,"column":13},"end":{"line":211,"column":null}},"line":211},"18":{"name":"(anonymous_18)","decl":{"start":{"line":222,"column":16},"end":{"line":222,"column":21}},"loc":{"start":{"line":223,"column":10},"end":{"line":229,"column":null}},"line":223},"19":{"name":"(anonymous_19)","decl":{"start":{"line":226,"column":12},"end":{"line":226,"column":27}},"loc":{"start":{"line":226,"column":27},"end":{"line":226,"column":55}},"line":226},"20":{"name":"(anonymous_20)","decl":{"start":{"line":249,"column":16},"end":{"line":249,"column":31}},"loc":{"start":{"line":249,"column":31},"end":{"line":249,"column":49}},"line":249},"21":{"name":"(anonymous_21)","decl":{"start":{"line":262,"column":20},"end":{"line":262,"column":31}},"loc":{"start":{"line":262,"column":37},"end":{"line":262,"column":null}},"line":262},"22":{"name":"(anonymous_22)","decl":{"start":{"line":272,"column":18},"end":{"line":272,"column":33}},"loc":{"start":{"line":272,"column":33},"end":{"line":275,"column":null}},"line":272},"23":{"name":"(anonymous_23)","decl":{"start":{"line":304,"column":27},"end":{"line":304,"column":32}},"loc":{"start":{"line":305,"column":20},"end":{"line":366,"column":null}},"line":305},"24":{"name":"(anonymous_24)","decl":{"start":{"line":325,"column":52},"end":{"line":325,"column":57}},"loc":{"start":{"line":326,"column":32},"end":{"line":338,"column":null}},"line":326},"25":{"name":"(anonymous_25)","decl":{"start":{"line":360,"column":28},"end":{"line":360,"column":39}},"loc":{"start":{"line":361,"column":30},"end":{"line":361,"column":null}},"line":361}},"branchMap":{"0":{"loc":{"start":{"line":25,"column":4},"end":{"line":25,"column":66}},"type":"binary-expr","locations":[{"start":{"line":25,"column":4},"end":{"line":25,"column":33}},{"start":{"line":25,"column":37},"end":{"line":25,"column":66}}],"line":25},"1":{"loc":{"start":{"line":35,"column":8},"end":{"line":37,"column":null}},"type":"if","locations":[{"start":{"line":35,"column":8},"end":{"line":37,"column":null}},{"start":{},"end":{}}],"line":35},"2":{"loc":{"start":{"line":45,"column":10},"end":{"line":46,"column":null}},"type":"binary-expr","locations":[{"start":{"line":45,"column":10},"end":{"line":45,"column":null}},{"start":{"line":46,"column":11},"end":{"line":46,"column":60}}],"line":45},"3":{"loc":{"start":{"line":46,"column":11},"end":{"line":46,"column":60}},"type":"cond-expr","locations":[{"start":{"line":46,"column":42},"end":{"line":46,"column":58}},{"start":{"line":46,"column":58},"end":{"line":46,"column":60}}],"line":46},"4":{"loc":{"start":{"line":50,"column":8},"end":{"line":51,"column":null}},"type":"if","locations":[{"start":{"line":50,"column":8},"end":{"line":51,"column":null}},{"start":{},"end":{}}],"line":50},"5":{"loc":{"start":{"line":67,"column":4},"end":{"line":67,"column":null}},"type":"if","locations":[{"start":{"line":67,"column":4},"end":{"line":67,"column":null}},{"start":{},"end":{}}],"line":67},"6":{"loc":{"start":{"line":81,"column":10},"end":{"line":82,"column":null}},"type":"binary-expr","locations":[{"start":{"line":81,"column":10},"end":{"line":81,"column":null}},{"start":{"line":82,"column":11},"end":{"line":82,"column":60}}],"line":81},"7":{"loc":{"start":{"line":82,"column":11},"end":{"line":82,"column":60}},"type":"cond-expr","locations":[{"start":{"line":82,"column":42},"end":{"line":82,"column":58}},{"start":{"line":82,"column":58},"end":{"line":82,"column":60}}],"line":82},"8":{"loc":{"start":{"line":85,"column":11},"end":{"line":85,"column":29}},"type":"binary-expr","locations":[{"start":{"line":85,"column":11},"end":{"line":85,"column":25}},{"start":{"line":85,"column":25},"end":{"line":85,"column":29}}],"line":85},"9":{"loc":{"start":{"line":85,"column":43},"end":{"line":85,"column":59}},"type":"binary-expr","locations":[{"start":{"line":85,"column":43},"end":{"line":85,"column":57}},{"start":{"line":85,"column":57},"end":{"line":85,"column":59}}],"line":85},"10":{"loc":{"start":{"line":114,"column":4},"end":{"line":116,"column":null}},"type":"if","locations":[{"start":{"line":114,"column":4},"end":{"line":116,"column":null}},{"start":{},"end":{}}],"line":114},"11":{"loc":{"start":{"line":123,"column":4},"end":{"line":125,"column":null}},"type":"if","locations":[{"start":{"line":123,"column":4},"end":{"line":125,"column":null}},{"start":{},"end":{}}],"line":123},"12":{"loc":{"start":{"line":146,"column":6},"end":{"line":155,"column":null}},"type":"if","locations":[{"start":{"line":146,"column":6},"end":{"line":155,"column":null}},{"start":{},"end":{}}],"line":146},"13":{"loc":{"start":{"line":147,"column":14},"end":{"line":147,"column":73}},"type":"binary-expr","locations":[{"start":{"line":147,"column":14},"end":{"line":147,"column":35}},{"start":{"line":147,"column":35},"end":{"line":147,"column":73}}],"line":147},"14":{"loc":{"start":{"line":160,"column":8},"end":{"line":161,"column":null}},"type":"binary-expr","locations":[{"start":{"line":160,"column":8},"end":{"line":160,"column":null}},{"start":{"line":161,"column":8},"end":{"line":161,"column":null}}],"line":160},"15":{"loc":{"start":{"line":169,"column":2},"end":{"line":173,"column":null}},"type":"if","locations":[{"start":{"line":169,"column":2},"end":{"line":173,"column":null}},{"start":{},"end":{}}],"line":169},"16":{"loc":{"start":{"line":218,"column":7},"end":{"line":218,"column":null}},"type":"binary-expr","locations":[{"start":{"line":218,"column":7},"end":{"line":218,"column":16}},{"start":{"line":218,"column":16},"end":{"line":218,"column":null}}],"line":218},"17":{"loc":{"start":{"line":225,"column":34},"end":{"line":225,"column":null}},"type":"cond-expr","locations":[{"start":{"line":225,"column":67},"end":{"line":225,"column":78}},{"start":{"line":225,"column":78},"end":{"line":225,"column":null}}],"line":225},"18":{"loc":{"start":{"line":233,"column":7},"end":{"line":389,"column":null}},"type":"cond-expr","locations":[{"start":{"line":234,"column":8},"end":{"line":387,"column":9}},{"start":{"line":387,"column":8},"end":{"line":389,"column":null}}],"line":233},"19":{"loc":{"start":{"line":233,"column":7},"end":{"line":233,"column":null}},"type":"binary-expr","locations":[{"start":{"line":233,"column":7},"end":{"line":233,"column":28}},{"start":{"line":233,"column":28},"end":{"line":233,"column":null}}],"line":233},"20":{"loc":{"start":{"line":244,"column":29},"end":{"line":244,"column":70}},"type":"binary-expr","locations":[{"start":{"line":244,"column":29},"end":{"line":244,"column":52}},{"start":{"line":244,"column":52},"end":{"line":244,"column":70}}],"line":244},"21":{"loc":{"start":{"line":246,"column":13},"end":{"line":279,"column":null}},"type":"cond-expr","locations":[{"start":{"line":247,"column":14},"end":{"line":254,"column":15}},{"start":{"line":254,"column":14},"end":{"line":279,"column":null}}],"line":246},"22":{"loc":{"start":{"line":285,"column":11},"end":{"line":383,"column":null}},"type":"cond-expr","locations":[{"start":{"line":286,"column":12},"end":{"line":287,"column":22}},{"start":{"line":287,"column":14},"end":{"line":383,"column":null}}],"line":285},"23":{"loc":{"start":{"line":287,"column":14},"end":{"line":383,"column":null}},"type":"cond-expr","locations":[{"start":{"line":288,"column":12},"end":{"line":379,"column":null}},{"start":{"line":381,"column":12},"end":{"line":383,"column":null}}],"line":287},"24":{"loc":{"start":{"line":296,"column":21},"end":{"line":299,"column":null}},"type":"cond-expr","locations":[{"start":{"line":297,"column":22},"end":{"line":299,"column":23}},{"start":{"line":299,"column":22},"end":{"line":299,"column":null}}],"line":296},"25":{"loc":{"start":{"line":313,"column":23},"end":{"line":364,"column":null}},"type":"cond-expr","locations":[{"start":{"line":314,"column":24},"end":{"line":354,"column":25}},{"start":{"line":354,"column":24},"end":{"line":364,"column":null}}],"line":313},"26":{"loc":{"start":{"line":323,"column":29},"end":{"line":349,"column":null}},"type":"cond-expr","locations":[{"start":{"line":325,"column":30},"end":{"line":338,"column":null}},{"start":{"line":341,"column":30},"end":{"line":349,"column":null}}],"line":323},"27":{"loc":{"start":{"line":323,"column":29},"end":{"line":324,"column":null}},"type":"binary-expr","locations":[{"start":{"line":323,"column":29},"end":{"line":323,"column":null}},{"start":{"line":324,"column":28},"end":{"line":324,"column":null}}],"line":323},"28":{"loc":{"start":{"line":329,"column":41},"end":{"line":329,"column":null}},"type":"binary-expr","locations":[{"start":{"line":329,"column":41},"end":{"line":329,"column":58}},{"start":{"line":329,"column":58},"end":{"line":329,"column":null}}],"line":329},"29":{"loc":{"start":{"line":359,"column":35},"end":{"line":359,"column":null}},"type":"binary-expr","locations":[{"start":{"line":359,"column":35},"end":{"line":359,"column":61}},{"start":{"line":359,"column":61},"end":{"line":359,"column":null}}],"line":359},"30":{"loc":{"start":{"line":371,"column":15},"end":{"line":379,"column":null}},"type":"binary-expr","locations":[{"start":{"line":371,"column":15},"end":{"line":371,"column":null}},{"start":{"line":372,"column":16},"end":{"line":379,"column":null}}],"line":371}},"s":{"0":205,"1":205,"2":205,"3":205,"4":205,"5":205,"6":205,"7":205,"8":205,"9":205,"10":205,"11":205,"12":56,"13":205,"14":26,"15":26,"16":26,"17":26,"18":26,"19":26,"20":1,"21":1,"22":25,"23":23,"24":26,"25":26,"26":23,"27":1,"28":1,"29":25,"30":26,"31":205,"32":53,"33":26,"34":27,"35":27,"36":27,"37":27,"38":27,"39":27,"40":27,"41":26,"42":27,"43":0,"44":0,"45":27,"46":27,"47":205,"48":2,"49":2,"50":2,"51":2,"52":205,"53":12,"54":12,"55":205,"56":5,"57":1,"58":1,"59":4,"60":3,"61":4,"62":1,"63":1,"64":3,"65":3,"66":3,"67":3,"68":3,"69":2,"70":2,"71":2,"72":2,"73":2,"74":2,"75":2,"76":1,"77":1,"78":1,"79":205,"80":158,"81":205,"82":25,"83":180,"84":1,"85":0,"86":0,"87":304,"88":2,"89":13,"90":78,"91":1,"92":1,"93":1,"94":254,"95":24,"96":12,"97":1},"f":{"0":205,"1":56,"2":26,"3":26,"4":53,"5":27,"6":26,"7":2,"8":12,"9":12,"10":5,"11":3,"12":3,"13":2,"14":158,"15":1,"16":0,"17":0,"18":304,"19":2,"20":13,"21":78,"22":1,"23":254,"24":24,"25":12},"b":{"0":[56,1],"1":[1,25],"2":[23,0],"3":[0,0],"4":[23,3],"5":[26,27],"6":[27,0],"7":[0,0],"8":[26,0],"9":[26,0],"10":[1,4],"11":[1,3],"12":[2,0],"13":[2,0],"14":[1,0],"15":[25,180],"16":[180,2],"17":[152,152],"18":[152,28],"19":[205,152],"20":[152,0],"21":[49,103],"22":[2,150],"23":[127,23],"24":[24,103],"25":[48,206],"26":[24,24],"27":[48,48],"28":[24,0],"29":[206,194],"30":[127,103]},"meta":{"lastBranch":31,"lastFunction":26,"lastStatement":98,"seen":{"f:6:9:6:24":0,"s:7:17:7:42":0,"s:8:28:8:66":1,"s:9:18:9:44":2,"s:10:24:10:59":3,"s:11:25:11:61":4,"s:12:16:12:40":5,"s:13:14:13:Infinity":6,"s:16:20:16:51":7,"s:17:27:17:62":8,"s:18:22:18:52":9,"s:21:21:21:49":10,"s:24:8:25:66":11,"f:24:8:24:Infinity":1,"s:25:4:25:66":12,"b:25:4:25:33:25:37:25:66":0,"s:28:2:62:Infinity":13,"f:28:2:28:18":2,"s:29:26:57:Infinity":14,"f:29:26:29:38":3,"s:30:6:57:Infinity":15,"s:31:8:31:Infinity":16,"s:32:8:32:Infinity":17,"s:33:22:33:32":18,"b:35:8:37:Infinity:undefined:undefined:undefined:undefined":1,"s:35:8:37:Infinity":19,"s:36:10:36:Infinity":20,"s:37:10:37:Infinity":21,"s:40:25:42:10":22,"s:45:10:46:Infinity":23,"b:45:10:45:Infinity:46:11:46:60":2,"b:46:42:46:58:46:58:46:60":3,"s:48:8:48:Infinity":24,"b:50:8:51:Infinity:undefined:undefined:undefined:undefined":4,"s:50:8:51:Infinity":25,"s:51:10:51:Infinity":26,"s:54:8:54:Infinity":27,"s:55:8:55:Infinity":28,"s:57:8:57:Infinity":29,"s:61:4:61:Infinity":30,"s:66:2:98:Infinity":31,"f:66:2:66:18":4,"b:67:4:67:Infinity:undefined:undefined:undefined:undefined":5,"s:67:4:67:Infinity":32,"s:67:28:67:Infinity":33,"s:69:27:93:Infinity":34,"f:69:27:69:39":5,"s:70:6:93:Infinity":35,"s:71:8:71:Infinity":36,"s:72:22:72:32":37,"s:74:25:77:Infinity":38,"s:81:10:82:Infinity":39,"b:81:10:81:Infinity:82:11:82:60":6,"b:82:42:82:58:82:58:82:60":7,"s:84:26:85:Infinity":40,"f:84:44:84:50":6,"s:84:53:85:59":41,"b:85:11:85:25:85:25:85:29":8,"b:85:43:85:57:85:57:85:59":9,"s:88:8:88:Infinity":42,"s:90:8:90:Infinity":43,"s:91:8:91:Infinity":44,"s:93:8:93:Infinity":45,"s:97:4:97:Infinity":46,"s:101:8:105:Infinity":47,"f:101:8:101:30":7,"s:102:4:102:Infinity":48,"s:103:4:103:Infinity":49,"s:104:4:104:Infinity":50,"s:105:4:105:Infinity":51,"s:108:8:109:Infinity":52,"f:108:8:108:28":8,"s:109:4:109:Infinity":53,"f:109:4:109:20":9,"s:109:30:109:62":54,"s:113:32:162:Infinity":55,"f:113:32:113:44":10,"b:114:4:116:Infinity:undefined:undefined:undefined:undefined":10,"s:114:4:116:Infinity":56,"s:115:6:115:Infinity":57,"s:116:6:116:Infinity":58,"s:119:27:120:Infinity":59,"f:119:52:119:Infinity":11,"s:120:14:120:Infinity":60,"b:123:4:125:Infinity:undefined:undefined:undefined:undefined":11,"s:123:4:125:Infinity":61,"s:124:6:124:Infinity":62,"s:125:6:125:Infinity":63,"s:128:4:162:Infinity":64,"s:129:20:129:30":65,"s:131:22:138:Infinity":66,"f:134:39:134:44":12,"s:134:58:137:Infinity":67,"s:140:23:143:Infinity":68,"b:146:6:155:Infinity:undefined:undefined:undefined:undefined":12,"s:146:6:155:Infinity":69,"s:147:8:147:Infinity":70,"b:147:14:147:35:147:35:147:73":13,"s:150:8:150:Infinity":71,"s:151:8:151:Infinity":72,"s:152:8:152:Infinity":73,"s:155:8:155:Infinity":74,"f:155:8:155:23":13,"s:155:29:155:35":75,"s:158:6:158:Infinity":76,"s:160:8:161:Infinity":77,"b:160:8:160:Infinity:161:8:161:Infinity":14,"s:162:6:162:Infinity":78,"s:167:22:167:68":79,"f:167:29:167:35":14,"s:167:41:167:68":80,"b:169:2:173:Infinity:undefined:undefined:undefined:undefined":15,"s:169:2:173:Infinity":81,"s:170:4:173:Infinity":82,"s:177:2:389:Infinity":83,"f:191:10:191:25":15,"s:191:25:191:45":84,"f:207:10:207:24":16,"s:208:13:208:Infinity":85,"f:210:10:210:23":17,"s:211:13:211:Infinity":86,"b:218:7:218:16:218:16:218:Infinity":16,"f:222:16:222:21":18,"s:223:10:229:Infinity":87,"b:225:67:225:78:225:78:225:Infinity":17,"f:226:12:226:27":19,"s:226:27:226:55":88,"b:234:8:387:9:387:8:389:Infinity":18,"b:233:7:233:28:233:28:233:Infinity":19,"b:244:29:244:52:244:52:244:70":20,"b:247:14:254:15:254:14:279:Infinity":21,"f:249:16:249:31":20,"s:249:31:249:49":89,"f:262:20:262:31":21,"s:262:37:262:Infinity":90,"f:272:18:272:33":22,"s:273:20:273:Infinity":91,"s:274:20:274:Infinity":92,"s:275:20:275:Infinity":93,"b:286:12:287:22:287:14:383:Infinity":22,"b:288:12:379:Infinity:381:12:383:Infinity":23,"b:297:22:299:23:299:22:299:Infinity":24,"f:304:27:304:32":23,"s:305:20:366:Infinity":94,"b:314:24:354:25:354:24:364:Infinity":25,"b:325:30:338:Infinity:341:30:349:Infinity":26,"b:323:29:323:Infinity:324:28:324:Infinity":27,"f:325:52:325:57":24,"s:326:32:338:Infinity":95,"b:329:41:329:58:329:58:329:Infinity":28,"b:359:35:359:61:359:61:359:Infinity":29,"f:360:28:360:39":25,"s:361:30:361:Infinity":96,"b:371:15:371:Infinity:372:16:379:Infinity":30,"s:397:0:399:Infinity":97},"fnNames":{}}}
,"/home/pulie/Escritorio/DUOC/colegio-frontend/src/pages/Cursos.jsx": {"path":"/home/pulie/Escritorio/DUOC/colegio-frontend/src/pages/Cursos.jsx","statementMap":{"0":{"start":{"line":6,"column":17},"end":{"line":6,"column":42}},"1":{"start":{"line":7,"column":28},"end":{"line":7,"column":66}},"2":{"start":{"line":8,"column":18},"end":{"line":8,"column":44}},"3":{"start":{"line":9,"column":24},"end":{"line":9,"column":59}},"4":{"start":{"line":10,"column":25},"end":{"line":10,"column":61}},"5":{"start":{"line":11,"column":16},"end":{"line":11,"column":40}},"6":{"start":{"line":12,"column":14},"end":{"line":12,"column":null}},"7":{"start":{"line":14,"column":8},"end":{"line":15,"column":66}},"8":{"start":{"line":15,"column":4},"end":{"line":15,"column":66}},"9":{"start":{"line":18,"column":2},"end":{"line":57,"column":null}},"10":{"start":{"line":19,"column":26},"end":{"line":52,"column":null}},"11":{"start":{"line":20,"column":6},"end":{"line":52,"column":null}},"12":{"start":{"line":21,"column":8},"end":{"line":21,"column":null}},"13":{"start":{"line":22,"column":8},"end":{"line":22,"column":null}},"14":{"start":{"line":23,"column":22},"end":{"line":23,"column":32}},"15":{"start":{"line":25,"column":8},"end":{"line":29,"column":null}},"16":{"start":{"line":26,"column":10},"end":{"line":28,"column":null}},"17":{"start":{"line":29,"column":10},"end":{"line":29,"column":null}},"18":{"start":{"line":32,"column":25},"end":{"line":36,"column":null}},"19":{"start":{"line":40,"column":10},"end":{"line":41,"column":null}},"20":{"start":{"line":43,"column":8},"end":{"line":43,"column":null}},"21":{"start":{"line":45,"column":8},"end":{"line":46,"column":null}},"22":{"start":{"line":46,"column":10},"end":{"line":46,"column":null}},"23":{"start":{"line":49,"column":8},"end":{"line":49,"column":null}},"24":{"start":{"line":50,"column":8},"end":{"line":50,"column":null}},"25":{"start":{"line":52,"column":8},"end":{"line":52,"column":null}},"26":{"start":{"line":56,"column":4},"end":{"line":56,"column":null}},"27":{"start":{"line":60,"column":2},"end":{"line":91,"column":null}},"28":{"start":{"line":61,"column":4},"end":{"line":61,"column":null}},"29":{"start":{"line":61,"column":28},"end":{"line":61,"column":null}},"30":{"start":{"line":63,"column":27},"end":{"line":86,"column":null}},"31":{"start":{"line":64,"column":6},"end":{"line":86,"column":null}},"32":{"start":{"line":65,"column":8},"end":{"line":65,"column":null}},"33":{"start":{"line":66,"column":22},"end":{"line":66,"column":32}},"34":{"start":{"line":68,"column":25},"end":{"line":70,"column":null}},"35":{"start":{"line":74,"column":10},"end":{"line":75,"column":null}},"36":{"start":{"line":77,"column":26},"end":{"line":78,"column":null}},"37":{"start":{"line":77,"column":53},"end":{"line":78,"column":59}},"38":{"start":{"line":81,"column":8},"end":{"line":81,"column":null}},"39":{"start":{"line":83,"column":8},"end":{"line":83,"column":null}},"40":{"start":{"line":84,"column":8},"end":{"line":84,"column":null}},"41":{"start":{"line":86,"column":8},"end":{"line":86,"column":null}},"42":{"start":{"line":90,"column":4},"end":{"line":90,"column":null}},"43":{"start":{"line":94,"column":8},"end":{"line":96,"column":null}},"44":{"start":{"line":95,"column":4},"end":{"line":95,"column":null}},"45":{"start":{"line":96,"column":4},"end":{"line":96,"column":null}},"46":{"start":{"line":99,"column":22},"end":{"line":99,"column":68}},"47":{"start":{"line":99,"column":41},"end":{"line":99,"column":68}},"48":{"start":{"line":101,"column":2},"end":{"line":105,"column":null}},"49":{"start":{"line":102,"column":4},"end":{"line":105,"column":null}},"50":{"start":{"line":109,"column":2},"end":{"line":183,"column":null}},"51":{"start":{"line":120,"column":10},"end":{"line":126,"column":null}},"52":{"start":{"line":123,"column":27},"end":{"line":123,"column":55}},"53":{"start":{"line":154,"column":18},"end":{"line":169,"column":null}}},"fnMap":{"0":{"name":"Cursos","decl":{"start":{"line":5,"column":9},"end":{"line":5,"column":18}},"loc":{"start":{"line":5,"column":18},"end":{"line":183,"column":null}},"line":5},"1":{"name":"(anonymous_1)","decl":{"start":{"line":14,"column":8},"end":{"line":14,"column":null}},"loc":{"start":{"line":15,"column":4},"end":{"line":15,"column":66}},"line":15},"2":{"name":"(anonymous_2)","decl":{"start":{"line":18,"column":2},"end":{"line":18,"column":18}},"loc":{"start":{"line":18,"column":18},"end":{"line":57,"column":7}},"line":18},"3":{"name":"(anonymous_3)","decl":{"start":{"line":19,"column":26},"end":{"line":19,"column":38}},"loc":{"start":{"line":19,"column":38},"end":{"line":52,"column":null}},"line":19},"4":{"name":"(anonymous_4)","decl":{"start":{"line":60,"column":2},"end":{"line":60,"column":18}},"loc":{"start":{"line":60,"column":18},"end":{"line":91,"column":6}},"line":60},"5":{"name":"(anonymous_5)","decl":{"start":{"line":63,"column":27},"end":{"line":63,"column":39}},"loc":{"start":{"line":63,"column":39},"end":{"line":86,"column":null}},"line":63},"6":{"name":"(anonymous_6)","decl":{"start":{"line":77,"column":44},"end":{"line":77,"column":50}},"loc":{"start":{"line":77,"column":53},"end":{"line":78,"column":59}},"line":77},"7":{"name":"(anonymous_7)","decl":{"start":{"line":94,"column":8},"end":{"line":94,"column":30}},"loc":{"start":{"line":94,"column":42},"end":{"line":96,"column":null}},"line":94},"8":{"name":"(anonymous_8)","decl":{"start":{"line":99,"column":29},"end":{"line":99,"column":35}},"loc":{"start":{"line":99,"column":41},"end":{"line":99,"column":68}},"line":99},"9":{"name":"(anonymous_9)","decl":{"start":{"line":119,"column":16},"end":{"line":119,"column":21}},"loc":{"start":{"line":120,"column":10},"end":{"line":126,"column":null}},"line":120},"10":{"name":"(anonymous_10)","decl":{"start":{"line":123,"column":12},"end":{"line":123,"column":27}},"loc":{"start":{"line":123,"column":27},"end":{"line":123,"column":55}},"line":123},"11":{"name":"(anonymous_11)","decl":{"start":{"line":153,"column":25},"end":{"line":153,"column":30}},"loc":{"start":{"line":154,"column":18},"end":{"line":169,"column":null}},"line":154}},"branchMap":{"0":{"loc":{"start":{"line":15,"column":4},"end":{"line":15,"column":66}},"type":"binary-expr","locations":[{"start":{"line":15,"column":4},"end":{"line":15,"column":33}},{"start":{"line":15,"column":37},"end":{"line":15,"column":66}}],"line":15},"1":{"loc":{"start":{"line":25,"column":8},"end":{"line":29,"column":null}},"type":"if","locations":[{"start":{"line":25,"column":8},"end":{"line":29,"column":null}},{"start":{},"end":{}}],"line":25},"2":{"loc":{"start":{"line":40,"column":10},"end":{"line":41,"column":null}},"type":"binary-expr","locations":[{"start":{"line":40,"column":10},"end":{"line":40,"column":null}},{"start":{"line":41,"column":11},"end":{"line":41,"column":60}}],"line":40},"3":{"loc":{"start":{"line":41,"column":11},"end":{"line":41,"column":60}},"type":"cond-expr","locations":[{"start":{"line":41,"column":42},"end":{"line":41,"column":58}},{"start":{"line":41,"column":58},"end":{"line":41,"column":60}}],"line":41},"4":{"loc":{"start":{"line":45,"column":8},"end":{"line":46,"column":null}},"type":"if","locations":[{"start":{"line":45,"column":8},"end":{"line":46,"column":null}},{"start":{},"end":{}}],"line":45},"5":{"loc":{"start":{"line":61,"column":4},"end":{"line":61,"column":null}},"type":"if","locations":[{"start":{"line":61,"column":4},"end":{"line":61,"column":null}},{"start":{},"end":{}}],"line":61},"6":{"loc":{"start":{"line":74,"column":10},"end":{"line":75,"column":null}},"type":"binary-expr","locations":[{"start":{"line":74,"column":10},"end":{"line":74,"column":null}},{"start":{"line":75,"column":11},"end":{"line":75,"column":60}}],"line":74},"7":{"loc":{"start":{"line":75,"column":11},"end":{"line":75,"column":60}},"type":"cond-expr","locations":[{"start":{"line":75,"column":42},"end":{"line":75,"column":58}},{"start":{"line":75,"column":58},"end":{"line":75,"column":60}}],"line":75},"8":{"loc":{"start":{"line":78,"column":11},"end":{"line":78,"column":29}},"type":"binary-expr","locations":[{"start":{"line":78,"column":11},"end":{"line":78,"column":25}},{"start":{"line":78,"column":25},"end":{"line":78,"column":29}}],"line":78},"9":{"loc":{"start":{"line":78,"column":43},"end":{"line":78,"column":59}},"type":"binary-expr","locations":[{"start":{"line":78,"column":43},"end":{"line":78,"column":57}},{"start":{"line":78,"column":57},"end":{"line":78,"column":59}}],"line":78},"10":{"loc":{"start":{"line":101,"column":2},"end":{"line":105,"column":null}},"type":"if","locations":[{"start":{"line":101,"column":2},"end":{"line":105,"column":null}},{"start":{},"end":{}}],"line":101},"11":{"loc":{"start":{"line":116,"column":7},"end":{"line":116,"column":null}},"type":"binary-expr","locations":[{"start":{"line":116,"column":7},"end":{"line":116,"column":16}},{"start":{"line":116,"column":16},"end":{"line":116,"column":null}}],"line":116},"12":{"loc":{"start":{"line":122,"column":34},"end":{"line":122,"column":null}},"type":"cond-expr","locations":[{"start":{"line":122,"column":67},"end":{"line":122,"column":78}},{"start":{"line":122,"column":78},"end":{"line":122,"column":null}}],"line":122},"13":{"loc":{"start":{"line":130,"column":7},"end":{"line":183,"column":null}},"type":"cond-expr","locations":[{"start":{"line":131,"column":8},"end":{"line":181,"column":9}},{"start":{"line":181,"column":8},"end":{"line":183,"column":null}}],"line":130},"14":{"loc":{"start":{"line":130,"column":7},"end":{"line":130,"column":null}},"type":"binary-expr","locations":[{"start":{"line":130,"column":7},"end":{"line":130,"column":28}},{"start":{"line":130,"column":28},"end":{"line":130,"column":null}}],"line":130},"15":{"loc":{"start":{"line":133,"column":29},"end":{"line":133,"column":70}},"type":"binary-expr","locations":[{"start":{"line":133,"column":29},"end":{"line":133,"column":52}},{"start":{"line":133,"column":52},"end":{"line":133,"column":70}}],"line":133},"16":{"loc":{"start":{"line":139,"column":11},"end":{"line":177,"column":null}},"type":"cond-expr","locations":[{"start":{"line":140,"column":12},"end":{"line":141,"column":22}},{"start":{"line":141,"column":14},"end":{"line":177,"column":null}}],"line":139},"17":{"loc":{"start":{"line":141,"column":14},"end":{"line":177,"column":null}},"type":"cond-expr","locations":[{"start":{"line":142,"column":12},"end":{"line":174,"column":13}},{"start":{"line":174,"column":12},"end":{"line":177,"column":null}}],"line":141}},"s":{"0":67,"1":67,"2":67,"3":67,"4":67,"5":67,"6":67,"7":67,"8":35,"9":67,"10":18,"11":18,"12":18,"13":18,"14":18,"15":18,"16":1,"17":1,"18":17,"19":15,"20":18,"21":18,"22":14,"23":1,"24":1,"25":17,"26":18,"27":67,"28":35,"29":18,"30":17,"31":17,"32":17,"33":17,"34":17,"35":16,"36":17,"37":14,"38":17,"39":1,"40":1,"41":17,"42":17,"43":67,"44":3,"45":3,"46":67,"47":38,"48":67,"49":17,"50":50,"51":58,"52":3,"53":16},"f":{"0":67,"1":35,"2":18,"3":18,"4":35,"5":17,"6":14,"7":3,"8":38,"9":58,"10":3,"11":16},"b":{"0":[35,1],"1":[1,17],"2":[15,1],"3":[1,0],"4":[14,4],"5":[18,17],"6":[16,0],"7":[0,0],"8":[14,0],"9":[14,0],"10":[17,50],"11":[50,2],"12":[29,29],"13":[29,21],"14":[67,29],"15":[29,0],"16":[3,26],"17":[8,18]},"meta":{"lastBranch":18,"lastFunction":12,"lastStatement":54,"seen":{"f:5:9:5:18":0,"s:6:17:6:42":0,"s:7:28:7:66":1,"s:8:18:8:44":2,"s:9:24:9:59":3,"s:10:25:10:61":4,"s:11:16:11:40":5,"s:12:14:12:Infinity":6,"s:14:8:15:66":7,"f:14:8:14:Infinity":1,"s:15:4:15:66":8,"b:15:4:15:33:15:37:15:66":0,"s:18:2:57:Infinity":9,"f:18:2:18:18":2,"s:19:26:52:Infinity":10,"f:19:26:19:38":3,"s:20:6:52:Infinity":11,"s:21:8:21:Infinity":12,"s:22:8:22:Infinity":13,"s:23:22:23:32":14,"b:25:8:29:Infinity:undefined:undefined:undefined:undefined":1,"s:25:8:29:Infinity":15,"s:26:10:28:Infinity":16,"s:29:10:29:Infinity":17,"s:32:25:36:Infinity":18,"s:40:10:41:Infinity":19,"b:40:10:40:Infinity:41:11:41:60":2,"b:41:42:41:58:41:58:41:60":3,"s:43:8:43:Infinity":20,"b:45:8:46:Infinity:undefined:undefined:undefined:undefined":4,"s:45:8:46:Infinity":21,"s:46:10:46:Infinity":22,"s:49:8:49:Infinity":23,"s:50:8:50:Infinity":24,"s:52:8:52:Infinity":25,"s:56:4:56:Infinity":26,"s:60:2:91:Infinity":27,"f:60:2:60:18":4,"b:61:4:61:Infinity:undefined:undefined:undefined:undefined":5,"s:61:4:61:Infinity":28,"s:61:28:61:Infinity":29,"s:63:27:86:Infinity":30,"f:63:27:63:39":5,"s:64:6:86:Infinity":31,"s:65:8:65:Infinity":32,"s:66:22:66:32":33,"s:68:25:70:Infinity":34,"s:74:10:75:Infinity":35,"b:74:10:74:Infinity:75:11:75:60":6,"b:75:42:75:58:75:58:75:60":7,"s:77:26:78:Infinity":36,"f:77:44:77:50":6,"s:77:53:78:59":37,"b:78:11:78:25:78:25:78:29":8,"b:78:43:78:57:78:57:78:59":9,"s:81:8:81:Infinity":38,"s:83:8:83:Infinity":39,"s:84:8:84:Infinity":40,"s:86:8:86:Infinity":41,"s:90:4:90:Infinity":42,"s:94:8:96:Infinity":43,"f:94:8:94:30":7,"s:95:4:95:Infinity":44,"s:96:4:96:Infinity":45,"s:99:22:99:68":46,"f:99:29:99:35":8,"s:99:41:99:68":47,"b:101:2:105:Infinity:undefined:undefined:undefined:undefined":10,"s:101:2:105:Infinity":48,"s:102:4:105:Infinity":49,"s:109:2:183:Infinity":50,"b:116:7:116:16:116:16:116:Infinity":11,"f:119:16:119:21":9,"s:120:10:126:Infinity":51,"b:122:67:122:78:122:78:122:Infinity":12,"f:123:12:123:27":10,"s:123:27:123:55":52,"b:131:8:181:9:181:8:183:Infinity":13,"b:130:7:130:28:130:28:130:Infinity":14,"b:133:29:133:52:133:52:133:70":15,"b:140:12:141:22:141:14:177:Infinity":16,"b:142:12:174:13:174:12:177:Infinity":17,"f:153:25:153:30":11,"s:154:18:169:Infinity":53},"fnNames":{}}}
,"/home/pulie/Escritorio/DUOC/colegio-frontend/src/pages/Dashboard.jsx": {"path":"/home/pulie/Escritorio/DUOC/colegio-frontend/src/pages/Dashboard.jsx","statementMap":{"0":{"start":{"line":10,"column":25},"end":{"line":10,"column":null}},"1":{"start":{"line":11,"column":18},"end":{"line":11,"column":50}},"2":{"start":{"line":13,"column":22},"end":{"line":13,"column":52}},"3":{"start":{"line":14,"column":18},"end":{"line":14,"column":46}},"4":{"start":{"line":16,"column":2},"end":{"line":46,"column":null}},"5":{"start":{"line":17,"column":30},"end":{"line":41,"column":null}},"6":{"start":{"line":18,"column":6},"end":{"line":41,"column":null}},"7":{"start":{"line":19,"column":8},"end":{"line":19,"column":null}},"8":{"start":{"line":20,"column":25},"end":{"line":20,"column":61}},"9":{"start":{"line":22,"column":8},"end":{"line":25,"column":null}},"10":{"start":{"line":28,"column":8},"end":{"line":28,"column":null}},"11":{"start":{"line":30,"column":8},"end":{"line":33,"column":null}},"12":{"start":{"line":35,"column":8},"end":{"line":38,"column":null}},"13":{"start":{"line":36,"column":10},"end":{"line":38,"column":null}},"14":{"start":{"line":41,"column":8},"end":{"line":41,"column":null}},"15":{"start":{"line":45,"column":4},"end":{"line":45,"column":null}},"16":{"start":{"line":48,"column":2},"end":{"line":164,"column":null}},"17":{"start":{"line":99,"column":31},"end":{"line":99,"column":55}},"18":{"start":{"line":116,"column":31},"end":{"line":116,"column":59}},"19":{"start":{"line":133,"column":31},"end":{"line":133,"column":56}}},"fnMap":{"0":{"name":"Dashboard","decl":{"start":{"line":9,"column":9},"end":{"line":9,"column":21}},"loc":{"start":{"line":9,"column":21},"end":{"line":164,"column":null}},"line":9},"1":{"name":"(anonymous_1)","decl":{"start":{"line":16,"column":2},"end":{"line":16,"column":18}},"loc":{"start":{"line":16,"column":18},"end":{"line":46,"column":7}},"line":16},"2":{"name":"(anonymous_2)","decl":{"start":{"line":17,"column":30},"end":{"line":17,"column":42}},"loc":{"start":{"line":17,"column":42},"end":{"line":41,"column":null}},"line":17},"3":{"name":"(anonymous_3)","decl":{"start":{"line":99,"column":16},"end":{"line":99,"column":31}},"loc":{"start":{"line":99,"column":31},"end":{"line":99,"column":55}},"line":99},"4":{"name":"(anonymous_4)","decl":{"start":{"line":116,"column":16},"end":{"line":116,"column":31}},"loc":{"start":{"line":116,"column":31},"end":{"line":116,"column":59}},"line":116},"5":{"name":"(anonymous_5)","decl":{"start":{"line":133,"column":16},"end":{"line":133,"column":31}},"loc":{"start":{"line":133,"column":31},"end":{"line":133,"column":56}},"line":133}},"branchMap":{"0":{"loc":{"start":{"line":28,"column":23},"end":{"line":28,"column":50}},"type":"binary-expr","locations":[{"start":{"line":28,"column":23},"end":{"line":28,"column":48}},{"start":{"line":28,"column":48},"end":{"line":28,"column":50}}],"line":28},"1":{"loc":{"start":{"line":35,"column":8},"end":{"line":38,"column":null}},"type":"if","locations":[{"start":{"line":35,"column":8},"end":{"line":38,"column":null}},{"start":{},"end":{}}],"line":35},"2":{"loc":{"start":{"line":52,"column":9},"end":{"line":147,"column":null}},"type":"binary-expr","locations":[{"start":{"line":52,"column":9},"end":{"line":52,"column":null}},{"start":{"line":53,"column":10},"end":{"line":147,"column":null}}],"line":52},"3":{"loc":{"start":{"line":71,"column":21},"end":{"line":71,"column":63}},"type":"cond-expr","locations":[{"start":{"line":71,"column":31},"end":{"line":71,"column":39}},{"start":{"line":71,"column":39},"end":{"line":71,"column":63}}],"line":71},"4":{"loc":{"start":{"line":152,"column":9},"end":{"line":157,"column":null}},"type":"binary-expr","locations":[{"start":{"line":152,"column":9},"end":{"line":152,"column":null}},{"start":{"line":153,"column":10},"end":{"line":157,"column":null}}],"line":152},"5":{"loc":{"start":{"line":160,"column":9},"end":{"line":160,"column":null}},"type":"binary-expr","locations":[{"start":{"line":160,"column":9},"end":{"line":160,"column":37}},{"start":{"line":160,"column":37},"end":{"line":160,"column":null}}],"line":160},"6":{"loc":{"start":{"line":161,"column":9},"end":{"line":161,"column":null}},"type":"binary-expr","locations":[{"start":{"line":161,"column":9},"end":{"line":161,"column":41}},{"start":{"line":161,"column":41},"end":{"line":161,"column":null}}],"line":161},"7":{"loc":{"start":{"line":162,"column":9},"end":{"line":162,"column":null}},"type":"binary-expr","locations":[{"start":{"line":162,"column":9},"end":{"line":162,"column":38}},{"start":{"line":162,"column":38},"end":{"line":162,"column":null}}],"line":162}},"s":{"0":23,"1":23,"2":23,"3":23,"4":23,"5":14,"6":14,"7":14,"8":14,"9":12,"10":12,"11":1,"12":1,"13":0,"14":13,"15":14,"16":23,"17":3,"18":1,"19":1},"f":{"0":23,"1":14,"2":14,"3":3,"4":1,"5":1},"b":{"0":[12,1],"1":[0,1],"2":[23,18],"3":[14,4],"4":[23,0],"5":[23,3],"6":[23,1],"7":[23,1]},"meta":{"lastBranch":8,"lastFunction":6,"lastStatement":20,"seen":{"f:9:9:9:21":0,"s:10:25:10:Infinity":0,"s:11:18:11:50":1,"s:13:22:13:52":2,"s:14:18:14:46":3,"s:16:2:46:Infinity":4,"f:16:2:16:18":1,"s:17:30:41:Infinity":5,"f:17:30:17:42":2,"s:18:6:41:Infinity":6,"s:19:8:19:Infinity":7,"s:20:25:20:61":8,"s:22:8:25:Infinity":9,"s:28:8:28:Infinity":10,"b:28:23:28:48:28:48:28:50":0,"s:30:8:33:Infinity":11,"b:35:8:38:Infinity:undefined:undefined:undefined:undefined":1,"s:35:8:38:Infinity":12,"s:36:10:38:Infinity":13,"s:41:8:41:Infinity":14,"s:45:4:45:Infinity":15,"s:48:2:164:Infinity":16,"b:52:9:52:Infinity:53:10:147:Infinity":2,"b:71:31:71:39:71:39:71:63":3,"f:99:16:99:31":3,"s:99:31:99:55":17,"f:116:16:116:31":4,"s:116:31:116:59":18,"f:133:16:133:31":5,"s:133:31:133:56":19,"b:152:9:152:Infinity:153:10:157:Infinity":4,"b:160:9:160:37:160:37:160:Infinity":5,"b:161:9:161:41:161:41:161:Infinity":6,"b:162:9:162:38:162:38:162:Infinity":7},"fnNames":{}}}
,"/home/pulie/Escritorio/DUOC/colegio-frontend/src/pages/Login.jsx": {"path":"/home/pulie/Escritorio/DUOC/colegio-frontend/src/pages/Login.jsx","statementMap":{"0":{"start":{"line":11,"column":8},"end":{"line":11,"column":32}},"1":{"start":{"line":14,"column":16},"end":{"line":14,"column":40}},"2":{"start":{"line":15,"column":19},"end":{"line":15,"column":46}},"3":{"start":{"line":16,"column":16},"end":{"line":16,"column":40}},"4":{"start":{"line":17,"column":18},"end":{"line":17,"column":47}},"5":{"start":{"line":18,"column":14},"end":{"line":18,"column":null}},"6":{"start":{"line":20,"column":23},"end":{"line":49,"column":null}},"7":{"start":{"line":21,"column":4},"end":{"line":21,"column":null}},"8":{"start":{"line":22,"column":4},"end":{"line":22,"column":null}},"9":{"start":{"line":23,"column":4},"end":{"line":23,"column":null}},"10":{"start":{"line":25,"column":4},"end":{"line":49,"column":null}},"11":{"start":{"line":27,"column":23},"end":{"line":32,"column":null}},"12":{"start":{"line":35,"column":6},"end":{"line":39,"column":null}},"13":{"start":{"line":36,"column":8},"end":{"line":36,"column":null}},"14":{"start":{"line":39,"column":8},"end":{"line":39,"column":null}},"15":{"start":{"line":42,"column":6},"end":{"line":42,"column":null}},"16":{"start":{"line":43,"column":6},"end":{"line":46,"column":null}},"17":{"start":{"line":44,"column":8},"end":{"line":44,"column":null}},"18":{"start":{"line":46,"column":8},"end":{"line":46,"column":null}},"19":{"start":{"line":49,"column":6},"end":{"line":49,"column":null}},"20":{"start":{"line":53,"column":2},"end":{"line":108,"column":null}},"21":{"start":{"line":87,"column":29},"end":{"line":87,"column":53}},"22":{"start":{"line":97,"column":29},"end":{"line":97,"column":56}}},"fnMap":{"0":{"name":"Login","decl":{"start":{"line":10,"column":9},"end":{"line":10,"column":17}},"loc":{"start":{"line":10,"column":17},"end":{"line":108,"column":null}},"line":10},"1":{"name":"(anonymous_1)","decl":{"start":{"line":20,"column":23},"end":{"line":20,"column":30}},"loc":{"start":{"line":20,"column":36},"end":{"line":49,"column":null}},"line":20},"2":{"name":"(anonymous_2)","decl":{"start":{"line":87,"column":12},"end":{"line":87,"column":23}},"loc":{"start":{"line":87,"column":29},"end":{"line":87,"column":53}},"line":87},"3":{"name":"(anonymous_3)","decl":{"start":{"line":97,"column":12},"end":{"line":97,"column":23}},"loc":{"start":{"line":97,"column":29},"end":{"line":97,"column":56}},"line":97}},"branchMap":{"0":{"loc":{"start":{"line":35,"column":6},"end":{"line":39,"column":null}},"type":"if","locations":[{"start":{"line":35,"column":6},"end":{"line":39,"column":null}},{"start":{},"end":{}}],"line":35},"1":{"loc":{"start":{"line":43,"column":6},"end":{"line":46,"column":null}},"type":"if","locations":[{"start":{"line":43,"column":6},"end":{"line":46,"column":null}},{"start":{"line":45,"column":13},"end":{"line":46,"column":null}}],"line":43},"2":{"loc":{"start":{"line":43,"column":10},"end":{"line":43,"column":76}},"type":"binary-expr","locations":[{"start":{"line":43,"column":10},"end":{"line":43,"column":28}},{"start":{"line":43,"column":28},"end":{"line":43,"column":51}},{"start":{"line":43,"column":51},"end":{"line":43,"column":76}}],"line":43},"3":{"loc":{"start":{"line":72,"column":11},"end":{"line":79,"column":null}},"type":"binary-expr","locations":[{"start":{"line":72,"column":11},"end":{"line":72,"column":null}},{"start":{"line":73,"column":12},"end":{"line":79,"column":null}}],"line":72},"4":{"loc":{"start":{"line":107,"column":13},"end":{"line":107,"column":null}},"type":"cond-expr","locations":[{"start":{"line":107,"column":23},"end":{"line":107,"column":41}},{"start":{"line":107,"column":41},"end":{"line":107,"column":null}}],"line":107}},"s":{"0":239,"1":239,"2":239,"3":239,"4":239,"5":239,"6":239,"7":6,"8":6,"9":6,"10":6,"11":6,"12":3,"13":3,"14":3,"15":3,"16":3,"17":3,"18":0,"19":6,"20":239,"21":170,"22":51},"f":{"0":239,"1":6,"2":170,"3":51},"b":{"0":[3,0],"1":[3,0],"2":[3,3,3],"3":[239,45],"4":[6,233]},"meta":{"lastBranch":5,"lastFunction":4,"lastStatement":23,"seen":{"f:10:9:10:17":0,"s:11:8:11:32":0,"s:14:16:14:40":1,"s:15:19:15:46":2,"s:16:16:16:40":3,"s:17:18:17:47":4,"s:18:14:18:Infinity":5,"s:20:23:49:Infinity":6,"f:20:23:20:30":1,"s:21:4:21:Infinity":7,"s:22:4:22:Infinity":8,"s:23:4:23:Infinity":9,"s:25:4:49:Infinity":10,"s:27:23:32:Infinity":11,"b:35:6:39:Infinity:undefined:undefined:undefined:undefined":0,"s:35:6:39:Infinity":12,"s:36:8:36:Infinity":13,"s:39:8:39:Infinity":14,"s:42:6:42:Infinity":15,"b:43:6:46:Infinity:45:13:46:Infinity":1,"s:43:6:46:Infinity":16,"b:43:10:43:28:43:28:43:51:43:51:43:76":2,"s:44:8:44:Infinity":17,"s:46:8:46:Infinity":18,"s:49:6:49:Infinity":19,"s:53:2:108:Infinity":20,"b:72:11:72:Infinity:73:12:79:Infinity":3,"f:87:12:87:23":2,"s:87:29:87:53":21,"f:97:12:97:23":3,"s:97:29:97:56":22,"b:107:23:107:41:107:41:107:Infinity":4},"fnNames":{}}}
,"/home/pulie/Escritorio/DUOC/colegio-frontend/src/styles/Calificaciones.css": {"path":"/home/pulie/Escritorio/DUOC/colegio-frontend/src/styles/Calificaciones.css","statementMap":{},"fnMap":{},"branchMap":{},"s":{},"f":{},"b":{},"meta":{"lastBranch":0,"lastFunction":0,"lastStatement":0,"seen":{},"fnNames":{}}}
,"/home/pulie/Escritorio/DUOC/colegio-frontend/src/styles/Login.css": {"path":"/home/pulie/Escritorio/DUOC/colegio-frontend/src/styles/Login.css","statementMap":{},"fnMap":{},"branchMap":{},"s":{},"f":{},"b":{},"meta":{"lastBranch":0,"lastFunction":0,"lastStatement":0,"seen":{},"fnNames":{}}}
}
